[INFO|train.py:47] 2024-04-04 23:03:55,022 > Using device: cuda
[INFO|train.py:51] 2024-04-04 23:03:55,149 > Label shape : torch.Size([1512])
[INFO|train.py:52] 2024-04-04 23:03:55,149 > Label type : torch.int64
[INFO|train.py:53] 2024-04-04 23:03:55,149 > Audio shape : torch.Size([1512, 88])
[INFO|train.py:54] 2024-04-04 23:03:55,149 > Audio type : torch.float32
[INFO|train.py:55] 2024-04-04 23:03:55,149 > Text shape : torch.Size([1512, 768])
[INFO|train.py:56] 2024-04-04 23:03:55,149 > Text type : torch.float32
[INFO|train.py:65] 2024-04-04 23:03:55,149 > ---------------- Subject-independent experiments - number of subjects: 24, number of folds: 4, number of iterations: 30 --------------
[INFO|train.py:79] 2024-04-04 23:03:55,151 > =================================== Iteration 1 ======================================
[INFO|train.py:81] 2024-04-04 23:03:55,151 > ******************* TEST fold 3:1 / Fold 1 *********************
[INFO|train.py:87] 2024-04-04 23:03:55,153 > similarity matrix construction start...
[INFO|train.py:97] 2024-04-04 23:03:56,994 > similarity matrix construction Done...
[INFO|train.py:116] 2024-04-04 23:03:58,527 > graph structures are saved to save/figures/structure/
[INFO|train.py:128] 2024-04-04 23:04:00,193 > graph node features are saved to save/figures/feature/
[INFO|train.py:153] 2024-04-04 23:04:30,687 > model id: iteration1-fold1, Epoch : 440 - Find best epoch
[INFO|train.py:168] 2024-04-04 23:04:30,690 > *** Best ACC : 87.62 ***
[INFO|train.py:81] 2024-04-04 23:04:30,691 > ******************* TEST fold 3:1 / Fold 2 *********************
[INFO|train.py:87] 2024-04-04 23:04:30,692 > similarity matrix construction start...
[INFO|train.py:97] 2024-04-04 23:04:32,503 > similarity matrix construction Done...
[INFO|train.py:116] 2024-04-04 23:04:33,964 > graph structures are saved to save/figures/structure/
[INFO|train.py:128] 2024-04-04 23:04:34,561 > graph node features are saved to save/figures/feature/
[INFO|train.py:153] 2024-04-04 23:05:03,274 > model id: iteration1-fold2, Epoch : 692 - Find best epoch
[INFO|train.py:168] 2024-04-04 23:05:03,278 > *** Best ACC : 88.25 ***
[INFO|train.py:81] 2024-04-04 23:05:03,278 > ******************* TEST fold 3:1 / Fold 3 *********************
[INFO|train.py:87] 2024-04-04 23:05:03,279 > similarity matrix construction start...
[INFO|train.py:97] 2024-04-04 23:05:05,167 > similarity matrix construction Done...
[INFO|train.py:116] 2024-04-04 23:05:06,605 > graph structures are saved to save/figures/structure/
[INFO|train.py:128] 2024-04-04 23:05:07,216 > graph node features are saved to save/figures/feature/
[INFO|train.py:153] 2024-04-04 23:05:36,931 > model id: iteration1-fold3, Epoch : 1945 - Find best epoch
[INFO|train.py:168] 2024-04-04 23:05:36,934 > *** Best ACC : 87.94 ***
[INFO|train.py:81] 2024-04-04 23:05:36,934 > ******************* TEST fold 3:1 / Fold 4 *********************
[INFO|train.py:87] 2024-04-04 23:05:36,935 > similarity matrix construction start...
[INFO|train.py:97] 2024-04-04 23:05:38,728 > similarity matrix construction Done...
[INFO|train.py:116] 2024-04-04 23:05:40,273 > graph structures are saved to save/figures/structure/
[INFO|train.py:128] 2024-04-04 23:05:40,878 > graph node features are saved to save/figures/feature/
[INFO|train.py:153] 2024-04-04 23:06:10,817 > model id: iteration1-fold4, Epoch : 666 - Find best epoch
[INFO|train.py:168] 2024-04-04 23:06:10,820 > *** Best ACC : 87.62 ***
[INFO|train.py:173] 2024-04-04 23:06:10,820 > **************** Best and Average acc of 24 folds by subject in iteration 1*********************
[INFO|train.py:174] 2024-04-04 23:06:10,820 > ** Best ACC : 88.25,    Avearge acc : 87.86,    std : 0.26 **

[INFO|train.py:79] 2024-04-04 23:06:10,821 > =================================== Iteration 2 ======================================
[INFO|train.py:81] 2024-04-04 23:06:10,821 > ******************* TEST fold 3:1 / Fold 1 *********************
[INFO|train.py:87] 2024-04-04 23:06:10,822 > similarity matrix construction start...
[INFO|train.py:97] 2024-04-04 23:06:12,659 > similarity matrix construction Done...
[INFO|train.py:116] 2024-04-04 23:06:14,117 > graph structures are saved to save/figures/structure/
[INFO|train.py:128] 2024-04-04 23:06:14,713 > graph node features are saved to save/figures/feature/
[INFO|train.py:153] 2024-04-04 23:06:44,861 > model id: iteration2-fold1, Epoch : 418 - Find best epoch
[INFO|train.py:168] 2024-04-04 23:06:44,864 > *** Best ACC : 86.03 ***
[INFO|train.py:81] 2024-04-04 23:06:44,864 > ******************* TEST fold 3:1 / Fold 2 *********************
[INFO|train.py:87] 2024-04-04 23:06:44,865 > similarity matrix construction start...
[INFO|train.py:97] 2024-04-04 23:06:46,781 > similarity matrix construction Done...
[INFO|train.py:116] 2024-04-04 23:06:48,228 > graph structures are saved to save/figures/structure/
[INFO|train.py:128] 2024-04-04 23:06:48,836 > graph node features are saved to save/figures/feature/
[INFO|train.py:153] 2024-04-04 23:07:19,773 > model id: iteration2-fold2, Epoch : 1081 - Find best epoch
[INFO|train.py:168] 2024-04-04 23:07:19,776 > *** Best ACC : 85.71 ***
[INFO|train.py:81] 2024-04-04 23:07:19,776 > ******************* TEST fold 3:1 / Fold 3 *********************
[INFO|train.py:87] 2024-04-04 23:07:19,777 > similarity matrix construction start...
[INFO|train.py:97] 2024-04-04 23:07:21,600 > similarity matrix construction Done...
[INFO|train.py:116] 2024-04-04 23:07:23,138 > graph structures are saved to save/figures/structure/
[INFO|train.py:128] 2024-04-04 23:07:23,740 > graph node features are saved to save/figures/feature/
[INFO|train.py:153] 2024-04-04 23:07:51,646 > model id: iteration2-fold3, Epoch : 614 - Find best epoch
[INFO|train.py:168] 2024-04-04 23:07:51,650 > *** Best ACC : 85.08 ***
[INFO|train.py:81] 2024-04-04 23:07:51,650 > ******************* TEST fold 3:1 / Fold 4 *********************
[INFO|train.py:87] 2024-04-04 23:07:51,651 > similarity matrix construction start...
[INFO|train.py:97] 2024-04-04 23:07:53,467 > similarity matrix construction Done...
[INFO|train.py:116] 2024-04-04 23:07:54,918 > graph structures are saved to save/figures/structure/
[INFO|train.py:128] 2024-04-04 23:07:55,523 > graph node features are saved to save/figures/feature/
[INFO|train.py:153] 2024-04-04 23:08:25,444 > model id: iteration2-fold4, Epoch : 576 - Find best epoch
[INFO|train.py:168] 2024-04-04 23:08:25,447 > *** Best ACC : 84.13 ***
[INFO|train.py:173] 2024-04-04 23:08:25,448 > **************** Best and Average acc of 24 folds by subject in iteration 2*********************
[INFO|train.py:174] 2024-04-04 23:08:25,448 > ** Best ACC : 86.03,    Avearge acc : 85.24,    std : 0.73 **

[INFO|train.py:79] 2024-04-04 23:08:25,448 > =================================== Iteration 3 ======================================
[INFO|train.py:81] 2024-04-04 23:08:25,448 > ******************* TEST fold 3:1 / Fold 1 *********************
[INFO|train.py:87] 2024-04-04 23:08:25,449 > similarity matrix construction start...
[INFO|train.py:97] 2024-04-04 23:08:27,257 > similarity matrix construction Done...
[INFO|train.py:116] 2024-04-04 23:08:28,801 > graph structures are saved to save/figures/structure/
[INFO|train.py:128] 2024-04-04 23:08:29,403 > graph node features are saved to save/figures/feature/
[INFO|train.py:153] 2024-04-04 23:08:56,854 > model id: iteration3-fold1, Epoch : 585 - Find best epoch
[INFO|train.py:168] 2024-04-04 23:08:56,857 > *** Best ACC : 84.92 ***
[INFO|train.py:81] 2024-04-04 23:08:56,857 > ******************* TEST fold 3:1 / Fold 2 *********************
[INFO|train.py:87] 2024-04-04 23:08:56,858 > similarity matrix construction start...
[INFO|train.py:97] 2024-04-04 23:08:58,668 > similarity matrix construction Done...
[INFO|train.py:116] 2024-04-04 23:09:00,215 > graph structures are saved to save/figures/structure/
[INFO|train.py:128] 2024-04-04 23:09:00,819 > graph node features are saved to save/figures/feature/
[INFO|train.py:153] 2024-04-04 23:09:30,684 > model id: iteration3-fold2, Epoch : 880 - Find best epoch
[INFO|train.py:168] 2024-04-04 23:09:30,687 > *** Best ACC : 84.92 ***
[INFO|train.py:81] 2024-04-04 23:09:30,687 > ******************* TEST fold 3:1 / Fold 3 *********************
[INFO|train.py:87] 2024-04-04 23:09:30,688 > similarity matrix construction start...
[INFO|train.py:97] 2024-04-04 23:09:32,497 > similarity matrix construction Done...
[INFO|train.py:116] 2024-04-04 23:09:33,949 > graph structures are saved to save/figures/structure/
[INFO|train.py:128] 2024-04-04 23:09:34,546 > graph node features are saved to save/figures/feature/
[INFO|train.py:153] 2024-04-04 23:10:05,046 > model id: iteration3-fold3, Epoch : 398 - Find best epoch
[INFO|train.py:168] 2024-04-04 23:10:05,050 > *** Best ACC : 84.39 ***
[INFO|train.py:81] 2024-04-04 23:10:05,050 > ******************* TEST fold 3:1 / Fold 4 *********************
[INFO|train.py:87] 2024-04-04 23:10:05,053 > similarity matrix construction start...
[INFO|train.py:97] 2024-04-04 23:10:06,861 > similarity matrix construction Done...
[INFO|train.py:116] 2024-04-04 23:10:08,406 > graph structures are saved to save/figures/structure/
[INFO|train.py:128] 2024-04-04 23:10:09,003 > graph node features are saved to save/figures/feature/
[INFO|train.py:153] 2024-04-04 23:10:38,880 > model id: iteration3-fold4, Epoch : 1220 - Find best epoch
[INFO|train.py:168] 2024-04-04 23:10:38,883 > *** Best ACC : 85.45 ***
[INFO|train.py:173] 2024-04-04 23:10:38,883 > **************** Best and Average acc of 24 folds by subject in iteration 3*********************
[INFO|train.py:174] 2024-04-04 23:10:38,883 > ** Best ACC : 85.45,    Avearge acc : 84.92,    std : 0.37 **

[INFO|train.py:79] 2024-04-04 23:10:38,883 > =================================== Iteration 4 ======================================
[INFO|train.py:81] 2024-04-04 23:10:38,883 > ******************* TEST fold 3:1 / Fold 1 *********************
[INFO|train.py:87] 2024-04-04 23:10:38,884 > similarity matrix construction start...
[INFO|train.py:97] 2024-04-04 23:10:40,690 > similarity matrix construction Done...
[INFO|train.py:116] 2024-04-04 23:10:42,142 > graph structures are saved to save/figures/structure/
[INFO|train.py:128] 2024-04-04 23:10:42,840 > graph node features are saved to save/figures/feature/
[INFO|train.py:153] 2024-04-04 23:11:12,342 > model id: iteration4-fold1, Epoch : 1346 - Find best epoch
[INFO|train.py:168] 2024-04-04 23:11:12,345 > *** Best ACC : 84.44 ***
[INFO|train.py:81] 2024-04-04 23:11:12,345 > ******************* TEST fold 3:1 / Fold 2 *********************
[INFO|train.py:87] 2024-04-04 23:11:12,346 > similarity matrix construction start...
[INFO|train.py:97] 2024-04-04 23:11:14,164 > similarity matrix construction Done...
[INFO|train.py:116] 2024-04-04 23:11:15,616 > graph structures are saved to save/figures/structure/
[INFO|train.py:128] 2024-04-04 23:11:16,216 > graph node features are saved to save/figures/feature/
[INFO|train.py:153] 2024-04-04 23:11:45,566 > model id: iteration4-fold2, Epoch : 540 - Find best epoch
[INFO|train.py:168] 2024-04-04 23:11:45,569 > *** Best ACC : 84.76 ***
[INFO|train.py:81] 2024-04-04 23:11:45,569 > ******************* TEST fold 3:1 / Fold 3 *********************
[INFO|train.py:87] 2024-04-04 23:11:45,570 > similarity matrix construction start...
[INFO|train.py:97] 2024-04-04 23:11:47,387 > similarity matrix construction Done...
[INFO|train.py:116] 2024-04-04 23:11:48,932 > graph structures are saved to save/figures/structure/
[INFO|train.py:128] 2024-04-04 23:11:49,531 > graph node features are saved to save/figures/feature/
[INFO|train.py:153] 2024-04-04 23:12:20,069 > model id: iteration4-fold3, Epoch : 838 - Find best epoch
[INFO|train.py:168] 2024-04-04 23:12:20,072 > *** Best ACC : 85.71 ***
[INFO|train.py:81] 2024-04-04 23:12:20,072 > ******************* TEST fold 3:1 / Fold 4 *********************
[INFO|train.py:87] 2024-04-04 23:12:20,073 > similarity matrix construction start...
[INFO|train.py:97] 2024-04-04 23:12:21,894 > similarity matrix construction Done...
[INFO|train.py:116] 2024-04-04 23:12:23,355 > graph structures are saved to save/figures/structure/
[INFO|train.py:128] 2024-04-04 23:12:24,048 > graph node features are saved to save/figures/feature/
[INFO|train.py:153] 2024-04-04 23:12:52,454 > model id: iteration4-fold4, Epoch : 742 - Find best epoch
[INFO|train.py:168] 2024-04-04 23:12:52,457 > *** Best ACC : 84.76 ***
[INFO|train.py:173] 2024-04-04 23:12:52,457 > **************** Best and Average acc of 24 folds by subject in iteration 4*********************
[INFO|train.py:174] 2024-04-04 23:12:52,457 > ** Best ACC : 85.71,    Avearge acc : 84.92,    std : 0.48 **

[INFO|train.py:79] 2024-04-04 23:12:52,457 > =================================== Iteration 5 ======================================
[INFO|train.py:81] 2024-04-04 23:12:52,457 > ******************* TEST fold 3:1 / Fold 1 *********************
[INFO|train.py:87] 2024-04-04 23:12:52,458 > similarity matrix construction start...
[INFO|train.py:97] 2024-04-04 23:12:54,257 > similarity matrix construction Done...
[INFO|train.py:116] 2024-04-04 23:12:55,713 > graph structures are saved to save/figures/structure/
[INFO|train.py:128] 2024-04-04 23:12:56,314 > graph node features are saved to save/figures/feature/
[INFO|train.py:153] 2024-04-04 23:13:26,878 > model id: iteration5-fold1, Epoch : 526 - Find best epoch
[INFO|train.py:168] 2024-04-04 23:13:26,881 > *** Best ACC : 84.76 ***
[INFO|train.py:81] 2024-04-04 23:13:26,881 > ******************* TEST fold 3:1 / Fold 2 *********************
[INFO|train.py:87] 2024-04-04 23:13:26,883 > similarity matrix construction start...
[INFO|train.py:97] 2024-04-04 23:13:28,680 > similarity matrix construction Done...
[INFO|train.py:116] 2024-04-04 23:13:30,235 > graph structures are saved to save/figures/structure/
[INFO|train.py:128] 2024-04-04 23:13:30,832 > graph node features are saved to save/figures/feature/
[INFO|train.py:153] 2024-04-04 23:14:00,676 > model id: iteration5-fold2, Epoch : 766 - Find best epoch
[INFO|train.py:168] 2024-04-04 23:14:00,680 > *** Best ACC : 84.44 ***
[INFO|train.py:81] 2024-04-04 23:14:00,680 > ******************* TEST fold 3:1 / Fold 3 *********************
[INFO|train.py:87] 2024-04-04 23:14:00,681 > similarity matrix construction start...
[INFO|train.py:97] 2024-04-04 23:14:02,473 > similarity matrix construction Done...
[INFO|train.py:116] 2024-04-04 23:14:03,926 > graph structures are saved to save/figures/structure/
[INFO|train.py:128] 2024-04-04 23:14:04,526 > graph node features are saved to save/figures/feature/
[INFO|train.py:153] 2024-04-04 23:14:34,428 > model id: iteration5-fold3, Epoch : 775 - Find best epoch
[INFO|train.py:168] 2024-04-04 23:14:34,432 > *** Best ACC : 84.76 ***
[INFO|train.py:81] 2024-04-04 23:14:34,432 > ******************* TEST fold 3:1 / Fold 4 *********************
[INFO|train.py:87] 2024-04-04 23:14:34,433 > similarity matrix construction start...
[INFO|train.py:97] 2024-04-04 23:14:36,332 > similarity matrix construction Done...
[INFO|train.py:116] 2024-04-04 23:14:37,786 > graph structures are saved to save/figures/structure/
[INFO|train.py:128] 2024-04-04 23:14:38,392 > graph node features are saved to save/figures/feature/
[INFO|train.py:153] 2024-04-04 23:15:08,105 > model id: iteration5-fold4, Epoch : 2494 - Find best epoch
[INFO|train.py:168] 2024-04-04 23:15:08,108 > *** Best ACC : 84.76 ***
[INFO|train.py:173] 2024-04-04 23:15:08,108 > **************** Best and Average acc of 24 folds by subject in iteration 5*********************
[INFO|train.py:174] 2024-04-04 23:15:08,108 > ** Best ACC : 84.76,    Avearge acc : 84.68,    std : 0.14 **

[INFO|train.py:79] 2024-04-04 23:15:08,108 > =================================== Iteration 6 ======================================
[INFO|train.py:81] 2024-04-04 23:15:08,108 > ******************* TEST fold 3:1 / Fold 1 *********************
[INFO|train.py:87] 2024-04-04 23:15:08,109 > similarity matrix construction start...
[INFO|train.py:97] 2024-04-04 23:15:09,916 > similarity matrix construction Done...
[INFO|train.py:116] 2024-04-04 23:15:11,470 > graph structures are saved to save/figures/structure/
[INFO|train.py:128] 2024-04-04 23:15:12,065 > graph node features are saved to save/figures/feature/
[INFO|train.py:153] 2024-04-04 23:15:42,503 > model id: iteration6-fold1, Epoch : 643 - Find best epoch
[INFO|train.py:168] 2024-04-04 23:15:42,506 > *** Best ACC : 84.44 ***
[INFO|train.py:81] 2024-04-04 23:15:42,507 > ******************* TEST fold 3:1 / Fold 2 *********************
[INFO|train.py:87] 2024-04-04 23:15:42,508 > similarity matrix construction start...
[INFO|train.py:97] 2024-04-04 23:15:44,326 > similarity matrix construction Done...
[INFO|train.py:116] 2024-04-04 23:15:45,774 > graph structures are saved to save/figures/structure/
[INFO|train.py:128] 2024-04-04 23:15:46,370 > graph node features are saved to save/figures/feature/
[INFO|train.py:153] 2024-04-04 23:16:16,706 > model id: iteration6-fold2, Epoch : 395 - Find best epoch
[INFO|train.py:168] 2024-04-04 23:16:16,709 > *** Best ACC : 84.13 ***
[INFO|train.py:81] 2024-04-04 23:16:16,709 > ******************* TEST fold 3:1 / Fold 3 *********************
[INFO|train.py:87] 2024-04-04 23:16:16,710 > similarity matrix construction start...
[INFO|train.py:97] 2024-04-04 23:16:18,622 > similarity matrix construction Done...
[INFO|train.py:116] 2024-04-04 23:16:20,073 > graph structures are saved to save/figures/structure/
[INFO|train.py:128] 2024-04-04 23:16:20,669 > graph node features are saved to save/figures/feature/
[INFO|train.py:153] 2024-04-04 23:16:49,238 > model id: iteration6-fold3, Epoch : 1054 - Find best epoch
[INFO|train.py:168] 2024-04-04 23:16:49,242 > *** Best ACC : 84.13 ***
[INFO|train.py:81] 2024-04-04 23:16:49,242 > ******************* TEST fold 3:1 / Fold 4 *********************
[INFO|train.py:87] 2024-04-04 23:16:49,243 > similarity matrix construction start...
[INFO|train.py:97] 2024-04-04 23:16:51,062 > similarity matrix construction Done...
[INFO|train.py:116] 2024-04-04 23:16:52,634 > graph structures are saved to save/figures/structure/
[INFO|train.py:128] 2024-04-04 23:16:53,249 > graph node features are saved to save/figures/feature/
[INFO|train.py:153] 2024-04-04 23:17:23,724 > model id: iteration6-fold4, Epoch : 726 - Find best epoch
[INFO|train.py:168] 2024-04-04 23:17:23,728 > *** Best ACC : 84.44 ***
[INFO|train.py:173] 2024-04-04 23:17:23,728 > **************** Best and Average acc of 24 folds by subject in iteration 6*********************
[INFO|train.py:174] 2024-04-04 23:17:23,728 > ** Best ACC : 84.44,    Avearge acc : 84.29,    std : 0.16 **

[INFO|train.py:79] 2024-04-04 23:17:23,728 > =================================== Iteration 7 ======================================
[INFO|train.py:81] 2024-04-04 23:17:23,728 > ******************* TEST fold 3:1 / Fold 1 *********************
[INFO|train.py:87] 2024-04-04 23:17:23,730 > similarity matrix construction start...
[INFO|train.py:97] 2024-04-04 23:17:25,549 > similarity matrix construction Done...
[INFO|train.py:116] 2024-04-04 23:17:27,011 > graph structures are saved to save/figures/structure/
[INFO|train.py:128] 2024-04-04 23:17:27,618 > graph node features are saved to save/figures/feature/
[INFO|train.py:153] 2024-04-04 23:17:58,150 > model id: iteration7-fold1, Epoch : 2872 - Find best epoch
[INFO|train.py:168] 2024-04-04 23:17:58,153 > *** Best ACC : 82.8 ***
[INFO|train.py:81] 2024-04-04 23:17:58,153 > ******************* TEST fold 3:1 / Fold 2 *********************
[INFO|train.py:87] 2024-04-04 23:17:58,154 > similarity matrix construction start...
[INFO|train.py:97] 2024-04-04 23:17:59,996 > similarity matrix construction Done...
[INFO|train.py:116] 2024-04-04 23:18:01,560 > graph structures are saved to save/figures/structure/
[INFO|train.py:128] 2024-04-04 23:18:02,158 > graph node features are saved to save/figures/feature/
[INFO|train.py:153] 2024-04-04 23:18:32,544 > model id: iteration7-fold2, Epoch : 399 - Find best epoch
[INFO|train.py:168] 2024-04-04 23:18:32,547 > *** Best ACC : 81.75 ***
[INFO|train.py:81] 2024-04-04 23:18:32,547 > ******************* TEST fold 3:1 / Fold 3 *********************
[INFO|train.py:87] 2024-04-04 23:18:32,548 > similarity matrix construction start...
[INFO|train.py:97] 2024-04-04 23:18:34,344 > similarity matrix construction Done...
[INFO|train.py:116] 2024-04-04 23:18:35,900 > graph structures are saved to save/figures/structure/
[INFO|train.py:128] 2024-04-04 23:18:36,494 > graph node features are saved to save/figures/feature/
[INFO|train.py:153] 2024-04-04 23:19:06,566 > model id: iteration7-fold3, Epoch : 519 - Find best epoch
[INFO|train.py:168] 2024-04-04 23:19:06,570 > *** Best ACC : 82.54 ***
[INFO|train.py:81] 2024-04-04 23:19:06,570 > ******************* TEST fold 3:1 / Fold 4 *********************
[INFO|train.py:87] 2024-04-04 23:19:06,571 > similarity matrix construction start...
[INFO|train.py:97] 2024-04-04 23:19:08,367 > similarity matrix construction Done...
[INFO|train.py:116] 2024-04-04 23:19:09,818 > graph structures are saved to save/figures/structure/
[INFO|train.py:128] 2024-04-04 23:19:10,418 > graph node features are saved to save/figures/feature/
[INFO|train.py:153] 2024-04-04 23:19:39,488 > model id: iteration7-fold4, Epoch : 303 - Find best epoch
[INFO|train.py:168] 2024-04-04 23:19:39,493 > *** Best ACC : 83.33 ***
[INFO|train.py:173] 2024-04-04 23:19:39,494 > **************** Best and Average acc of 24 folds by subject in iteration 7*********************
[INFO|train.py:174] 2024-04-04 23:19:39,494 > ** Best ACC : 83.33,    Avearge acc : 82.61,    std : 0.57 **

[INFO|train.py:79] 2024-04-04 23:19:39,494 > =================================== Iteration 8 ======================================
[INFO|train.py:81] 2024-04-04 23:19:39,494 > ******************* TEST fold 3:1 / Fold 1 *********************
[INFO|train.py:87] 2024-04-04 23:19:39,495 > similarity matrix construction start...
[INFO|train.py:97] 2024-04-04 23:19:41,293 > similarity matrix construction Done...
[INFO|train.py:116] 2024-04-04 23:19:42,843 > graph structures are saved to save/figures/structure/
[INFO|train.py:128] 2024-04-04 23:19:43,440 > graph node features are saved to save/figures/feature/
[INFO|train.py:153] 2024-04-04 23:20:13,699 > model id: iteration8-fold1, Epoch : 754 - Find best epoch
[INFO|train.py:168] 2024-04-04 23:20:13,702 > *** Best ACC : 82.28 ***
[INFO|train.py:81] 2024-04-04 23:20:13,702 > ******************* TEST fold 3:1 / Fold 2 *********************
[INFO|train.py:87] 2024-04-04 23:20:13,704 > similarity matrix construction start...
[INFO|train.py:97] 2024-04-04 23:20:15,512 > similarity matrix construction Done...
[INFO|train.py:116] 2024-04-04 23:20:16,970 > graph structures are saved to save/figures/structure/
[INFO|train.py:128] 2024-04-04 23:20:17,566 > graph node features are saved to save/figures/feature/
[INFO|train.py:153] 2024-04-04 23:20:48,108 > model id: iteration8-fold2, Epoch : 567 - Find best epoch
[INFO|train.py:168] 2024-04-04 23:20:48,111 > *** Best ACC : 81.22 ***
[INFO|train.py:81] 2024-04-04 23:20:48,111 > ******************* TEST fold 3:1 / Fold 3 *********************
[INFO|train.py:87] 2024-04-04 23:20:48,117 > similarity matrix construction start...
[INFO|train.py:97] 2024-04-04 23:20:50,036 > similarity matrix construction Done...
[INFO|train.py:116] 2024-04-04 23:20:51,493 > graph structures are saved to save/figures/structure/
[INFO|train.py:128] 2024-04-04 23:20:52,092 > graph node features are saved to save/figures/feature/
[INFO|train.py:153] 2024-04-04 23:21:18,293 > model id: iteration8-fold3, Epoch : 1402 - Find best epoch
[INFO|train.py:168] 2024-04-04 23:21:18,296 > *** Best ACC : 81.48 ***
[INFO|train.py:81] 2024-04-04 23:21:18,296 > ******************* TEST fold 3:1 / Fold 4 *********************
[INFO|train.py:87] 2024-04-04 23:21:18,297 > similarity matrix construction start...
[INFO|train.py:97] 2024-04-04 23:21:20,121 > similarity matrix construction Done...
[INFO|train.py:116] 2024-04-04 23:21:21,694 > graph structures are saved to save/figures/structure/
[INFO|train.py:128] 2024-04-04 23:21:22,294 > graph node features are saved to save/figures/feature/
[INFO|train.py:153] 2024-04-04 23:21:52,822 > model id: iteration8-fold4, Epoch : 596 - Find best epoch
[INFO|train.py:168] 2024-04-04 23:21:52,825 > *** Best ACC : 80.95 ***
[INFO|train.py:173] 2024-04-04 23:21:52,826 > **************** Best and Average acc of 24 folds by subject in iteration 8*********************
[INFO|train.py:174] 2024-04-04 23:21:52,826 > ** Best ACC : 82.28,    Avearge acc : 81.48,    std : 0.49 **

[INFO|train.py:79] 2024-04-04 23:21:52,826 > =================================== Iteration 9 ======================================
[INFO|train.py:81] 2024-04-04 23:21:52,826 > ******************* TEST fold 3:1 / Fold 1 *********************
[INFO|train.py:87] 2024-04-04 23:21:52,827 > similarity matrix construction start...
[INFO|train.py:97] 2024-04-04 23:21:54,633 > similarity matrix construction Done...
[INFO|train.py:116] 2024-04-04 23:21:56,091 > graph structures are saved to save/figures/structure/
[INFO|train.py:128] 2024-04-04 23:21:56,688 > graph node features are saved to save/figures/feature/
[INFO|train.py:153] 2024-04-04 23:22:25,063 > model id: iteration9-fold1, Epoch : 942 - Find best epoch
[INFO|train.py:168] 2024-04-04 23:22:25,066 > *** Best ACC : 84.92 ***
[INFO|train.py:81] 2024-04-04 23:22:25,066 > ******************* TEST fold 3:1 / Fold 2 *********************
[INFO|train.py:87] 2024-04-04 23:22:25,067 > similarity matrix construction start...
[INFO|train.py:97] 2024-04-04 23:22:26,878 > similarity matrix construction Done...
[INFO|train.py:116] 2024-04-04 23:22:28,437 > graph structures are saved to save/figures/structure/
[INFO|train.py:128] 2024-04-04 23:22:29,035 > graph node features are saved to save/figures/feature/
[INFO|train.py:153] 2024-04-04 23:22:59,590 > model id: iteration9-fold2, Epoch : 307 - Find best epoch
[INFO|train.py:168] 2024-04-04 23:22:59,593 > *** Best ACC : 84.52 ***
[INFO|train.py:81] 2024-04-04 23:22:59,593 > ******************* TEST fold 3:1 / Fold 3 *********************
[INFO|train.py:87] 2024-04-04 23:22:59,594 > similarity matrix construction start...
[INFO|train.py:97] 2024-04-04 23:23:01,409 > similarity matrix construction Done...
[INFO|train.py:116] 2024-04-04 23:23:02,965 > graph structures are saved to save/figures/structure/
[INFO|train.py:128] 2024-04-04 23:23:03,569 > graph node features are saved to save/figures/feature/
[INFO|train.py:153] 2024-04-04 23:23:33,611 > model id: iteration9-fold3, Epoch : 1244 - Find best epoch
[INFO|train.py:168] 2024-04-04 23:23:33,614 > *** Best ACC : 83.33 ***
[INFO|train.py:81] 2024-04-04 23:23:33,614 > ******************* TEST fold 3:1 / Fold 4 *********************
[INFO|train.py:87] 2024-04-04 23:23:33,615 > similarity matrix construction start...
[INFO|train.py:97] 2024-04-04 23:23:35,448 > similarity matrix construction Done...
[INFO|train.py:116] 2024-04-04 23:23:36,907 > graph structures are saved to save/figures/structure/
[INFO|train.py:128] 2024-04-04 23:23:37,508 > graph node features are saved to save/figures/feature/
[INFO|train.py:153] 2024-04-04 23:24:08,041 > model id: iteration9-fold4, Epoch : 582 - Find best epoch
[INFO|train.py:168] 2024-04-04 23:24:08,045 > *** Best ACC : 84.52 ***
[INFO|train.py:173] 2024-04-04 23:24:08,045 > **************** Best and Average acc of 24 folds by subject in iteration 9*********************
[INFO|train.py:174] 2024-04-04 23:24:08,046 > ** Best ACC : 84.92,    Avearge acc : 84.33,    std : 0.6 **

[INFO|train.py:79] 2024-04-04 23:24:08,046 > =================================== Iteration 10 ======================================
[INFO|train.py:81] 2024-04-04 23:24:08,046 > ******************* TEST fold 3:1 / Fold 1 *********************
[INFO|train.py:87] 2024-04-04 23:24:08,047 > similarity matrix construction start...
[INFO|train.py:97] 2024-04-04 23:24:09,864 > similarity matrix construction Done...
[INFO|train.py:116] 2024-04-04 23:24:11,424 > graph structures are saved to save/figures/structure/
[INFO|train.py:128] 2024-04-04 23:24:12,024 > graph node features are saved to save/figures/feature/
[INFO|train.py:153] 2024-04-04 23:24:41,915 > model id: iteration10-fold1, Epoch : 2530 - Find best epoch
[INFO|train.py:168] 2024-04-04 23:24:41,918 > *** Best ACC : 82.8 ***
[INFO|train.py:81] 2024-04-04 23:24:41,918 > ******************* TEST fold 3:1 / Fold 2 *********************
[INFO|train.py:87] 2024-04-04 23:24:41,919 > similarity matrix construction start...
[INFO|train.py:97] 2024-04-04 23:24:43,745 > similarity matrix construction Done...
[INFO|train.py:116] 2024-04-04 23:24:45,206 > graph structures are saved to save/figures/structure/
[INFO|train.py:128] 2024-04-04 23:24:45,806 > graph node features are saved to save/figures/feature/
[INFO|train.py:153] 2024-04-04 23:25:16,179 > model id: iteration10-fold2, Epoch : 868 - Find best epoch
[INFO|train.py:168] 2024-04-04 23:25:16,182 > *** Best ACC : 83.86 ***
[INFO|train.py:81] 2024-04-04 23:25:16,182 > ******************* TEST fold 3:1 / Fold 3 *********************
[INFO|train.py:87] 2024-04-04 23:25:16,183 > similarity matrix construction start...
[INFO|train.py:97] 2024-04-04 23:25:17,986 > similarity matrix construction Done...
[INFO|train.py:116] 2024-04-04 23:25:19,542 > graph structures are saved to save/figures/structure/
[INFO|train.py:128] 2024-04-04 23:25:20,139 > graph node features are saved to save/figures/feature/
[INFO|train.py:153] 2024-04-04 23:25:49,133 > model id: iteration10-fold3, Epoch : 1177 - Find best epoch
[INFO|train.py:168] 2024-04-04 23:25:49,136 > *** Best ACC : 81.75 ***
[INFO|train.py:81] 2024-04-04 23:25:49,136 > ******************* TEST fold 3:1 / Fold 4 *********************
[INFO|train.py:87] 2024-04-04 23:25:49,137 > similarity matrix construction start...
[INFO|train.py:97] 2024-04-04 23:25:50,944 > similarity matrix construction Done...
[INFO|train.py:116] 2024-04-04 23:25:52,405 > graph structures are saved to save/figures/structure/
[INFO|train.py:128] 2024-04-04 23:25:53,110 > graph node features are saved to save/figures/feature/
[INFO|train.py:153] 2024-04-04 23:26:22,316 > model id: iteration10-fold4, Epoch : 269 - Find best epoch
[INFO|train.py:168] 2024-04-04 23:26:22,319 > *** Best ACC : 82.8 ***
[INFO|train.py:173] 2024-04-04 23:26:22,319 > **************** Best and Average acc of 24 folds by subject in iteration 10*********************
[INFO|train.py:174] 2024-04-04 23:26:22,319 > ** Best ACC : 83.86,    Avearge acc : 82.8,    std : 0.75 **

[INFO|train.py:79] 2024-04-04 23:26:22,319 > =================================== Iteration 11 ======================================
[INFO|train.py:81] 2024-04-04 23:26:22,319 > ******************* TEST fold 3:1 / Fold 1 *********************
[INFO|train.py:87] 2024-04-04 23:26:22,320 > similarity matrix construction start...
[INFO|train.py:97] 2024-04-04 23:26:24,125 > similarity matrix construction Done...
[INFO|train.py:116] 2024-04-04 23:26:25,587 > graph structures are saved to save/figures/structure/
[INFO|train.py:128] 2024-04-04 23:26:26,184 > graph node features are saved to save/figures/feature/
[INFO|train.py:153] 2024-04-04 23:26:56,806 > model id: iteration11-fold1, Epoch : 993 - Find best epoch
[INFO|train.py:168] 2024-04-04 23:26:56,809 > *** Best ACC : 83.07 ***
[INFO|train.py:81] 2024-04-04 23:26:56,809 > ******************* TEST fold 3:1 / Fold 2 *********************
[INFO|train.py:87] 2024-04-04 23:26:56,810 > similarity matrix construction start...
[INFO|train.py:97] 2024-04-04 23:26:58,632 > similarity matrix construction Done...
[INFO|train.py:116] 2024-04-04 23:27:00,196 > graph structures are saved to save/figures/structure/
[INFO|train.py:128] 2024-04-04 23:27:00,794 > graph node features are saved to save/figures/feature/
[INFO|train.py:153] 2024-04-04 23:27:31,405 > model id: iteration11-fold2, Epoch : 538 - Find best epoch
[INFO|train.py:168] 2024-04-04 23:27:31,409 > *** Best ACC : 82.28 ***
[INFO|train.py:81] 2024-04-04 23:27:31,409 > ******************* TEST fold 3:1 / Fold 3 *********************
[INFO|train.py:87] 2024-04-04 23:27:31,410 > similarity matrix construction start...
[INFO|train.py:97] 2024-04-04 23:27:33,230 > similarity matrix construction Done...
[INFO|train.py:116] 2024-04-04 23:27:34,688 > graph structures are saved to save/figures/structure/
[INFO|train.py:128] 2024-04-04 23:27:35,287 > graph node features are saved to save/figures/feature/
[INFO|train.py:153] 2024-04-04 23:28:05,146 > model id: iteration11-fold3, Epoch : 2462 - Find best epoch
[INFO|train.py:168] 2024-04-04 23:28:05,149 > *** Best ACC : 81.75 ***
[INFO|train.py:81] 2024-04-04 23:28:05,149 > ******************* TEST fold 3:1 / Fold 4 *********************
[INFO|train.py:87] 2024-04-04 23:28:05,150 > similarity matrix construction start...
[INFO|train.py:97] 2024-04-04 23:28:06,967 > similarity matrix construction Done...
[INFO|train.py:116] 2024-04-04 23:28:08,531 > graph structures are saved to save/figures/structure/
[INFO|train.py:128] 2024-04-04 23:28:09,129 > graph node features are saved to save/figures/feature/
[INFO|train.py:153] 2024-04-04 23:28:39,315 > model id: iteration11-fold4, Epoch : 2007 - Find best epoch
[INFO|train.py:168] 2024-04-04 23:28:39,318 > *** Best ACC : 82.54 ***
[INFO|train.py:173] 2024-04-04 23:28:39,318 > **************** Best and Average acc of 24 folds by subject in iteration 11*********************
[INFO|train.py:174] 2024-04-04 23:28:39,318 > ** Best ACC : 83.07,    Avearge acc : 82.41,    std : 0.48 **

[INFO|train.py:79] 2024-04-04 23:28:39,318 > =================================== Iteration 12 ======================================
[INFO|train.py:81] 2024-04-04 23:28:39,318 > ******************* TEST fold 3:1 / Fold 1 *********************
[INFO|train.py:87] 2024-04-04 23:28:39,319 > similarity matrix construction start...
[INFO|train.py:97] 2024-04-04 23:28:41,121 > similarity matrix construction Done...
[INFO|train.py:116] 2024-04-04 23:28:42,579 > graph structures are saved to save/figures/structure/
[INFO|train.py:128] 2024-04-04 23:28:43,181 > graph node features are saved to save/figures/feature/
[INFO|train.py:153] 2024-04-04 23:29:12,906 > model id: iteration12-fold1, Epoch : 1475 - Find best epoch
[INFO|train.py:168] 2024-04-04 23:29:12,909 > *** Best ACC : 84.66 ***
[INFO|train.py:81] 2024-04-04 23:29:12,909 > ******************* TEST fold 3:1 / Fold 2 *********************
[INFO|train.py:87] 2024-04-04 23:29:12,910 > similarity matrix construction start...
[INFO|train.py:97] 2024-04-04 23:29:14,830 > similarity matrix construction Done...
[INFO|train.py:116] 2024-04-04 23:29:16,292 > graph structures are saved to save/figures/structure/
[INFO|train.py:128] 2024-04-04 23:29:16,891 > graph node features are saved to save/figures/feature/
[INFO|train.py:153] 2024-04-04 23:29:47,408 > model id: iteration12-fold2, Epoch : 621 - Find best epoch
[INFO|train.py:168] 2024-04-04 23:29:47,411 > *** Best ACC : 84.13 ***
[INFO|train.py:81] 2024-04-04 23:29:47,411 > ******************* TEST fold 3:1 / Fold 3 *********************
[INFO|train.py:87] 2024-04-04 23:29:47,412 > similarity matrix construction start...
[INFO|train.py:97] 2024-04-04 23:29:49,225 > similarity matrix construction Done...
[INFO|train.py:116] 2024-04-04 23:29:50,681 > graph structures are saved to save/figures/structure/
[INFO|train.py:128] 2024-04-04 23:29:51,386 > graph node features are saved to save/figures/feature/
[INFO|train.py:153] 2024-04-04 23:30:21,769 > model id: iteration12-fold3, Epoch : 1908 - Find best epoch
[INFO|train.py:168] 2024-04-04 23:30:21,772 > *** Best ACC : 84.92 ***
[INFO|train.py:81] 2024-04-04 23:30:21,772 > ******************* TEST fold 3:1 / Fold 4 *********************
[INFO|train.py:87] 2024-04-04 23:30:21,773 > similarity matrix construction start...
[INFO|train.py:97] 2024-04-04 23:30:23,582 > similarity matrix construction Done...
[INFO|train.py:116] 2024-04-04 23:30:25,040 > graph structures are saved to save/figures/structure/
[INFO|train.py:128] 2024-04-04 23:30:25,642 > graph node features are saved to save/figures/feature/
[INFO|train.py:153] 2024-04-04 23:30:55,482 > model id: iteration12-fold4, Epoch : 763 - Find best epoch
[INFO|train.py:168] 2024-04-04 23:30:55,485 > *** Best ACC : 85.45 ***
[INFO|train.py:173] 2024-04-04 23:30:55,485 > **************** Best and Average acc of 24 folds by subject in iteration 12*********************
[INFO|train.py:174] 2024-04-04 23:30:55,485 > ** Best ACC : 85.45,    Avearge acc : 84.79,    std : 0.48 **

[INFO|train.py:79] 2024-04-04 23:30:55,485 > =================================== Iteration 13 ======================================
[INFO|train.py:81] 2024-04-04 23:30:55,485 > ******************* TEST fold 3:1 / Fold 1 *********************
[INFO|train.py:87] 2024-04-04 23:30:55,486 > similarity matrix construction start...
[INFO|train.py:97] 2024-04-04 23:30:57,297 > similarity matrix construction Done...
[INFO|train.py:116] 2024-04-04 23:30:58,862 > graph structures are saved to save/figures/structure/
[INFO|train.py:128] 2024-04-04 23:30:59,462 > graph node features are saved to save/figures/feature/
[INFO|train.py:153] 2024-04-04 23:31:29,215 > model id: iteration13-fold1, Epoch : 1919 - Find best epoch
[INFO|train.py:168] 2024-04-04 23:31:29,218 > *** Best ACC : 85.4 ***
[INFO|train.py:81] 2024-04-04 23:31:29,218 > ******************* TEST fold 3:1 / Fold 2 *********************
[INFO|train.py:87] 2024-04-04 23:31:29,219 > similarity matrix construction start...
[INFO|train.py:97] 2024-04-04 23:31:31,038 > similarity matrix construction Done...
[INFO|train.py:116] 2024-04-04 23:31:32,494 > graph structures are saved to save/figures/structure/
[INFO|train.py:128] 2024-04-04 23:31:33,094 > graph node features are saved to save/figures/feature/
[INFO|train.py:153] 2024-04-04 23:32:01,926 > model id: iteration13-fold2, Epoch : 1363 - Find best epoch
[INFO|train.py:168] 2024-04-04 23:32:01,929 > *** Best ACC : 86.67 ***
[INFO|train.py:81] 2024-04-04 23:32:01,930 > ******************* TEST fold 3:1 / Fold 3 *********************
[INFO|train.py:87] 2024-04-04 23:32:01,931 > similarity matrix construction start...
[INFO|train.py:97] 2024-04-04 23:32:03,753 > similarity matrix construction Done...
[INFO|train.py:116] 2024-04-04 23:32:05,313 > graph structures are saved to save/figures/structure/
[INFO|train.py:128] 2024-04-04 23:32:05,913 > graph node features are saved to save/figures/feature/
[INFO|train.py:153] 2024-04-04 23:32:35,778 > model id: iteration13-fold3, Epoch : 1669 - Find best epoch
[INFO|train.py:168] 2024-04-04 23:32:35,781 > *** Best ACC : 87.3 ***
[INFO|train.py:81] 2024-04-04 23:32:35,781 > ******************* TEST fold 3:1 / Fold 4 *********************
[INFO|train.py:87] 2024-04-04 23:32:35,782 > similarity matrix construction start...
[INFO|train.py:97] 2024-04-04 23:32:37,601 > similarity matrix construction Done...
[INFO|train.py:116] 2024-04-04 23:32:39,064 > graph structures are saved to save/figures/structure/
[INFO|train.py:128] 2024-04-04 23:32:39,661 > graph node features are saved to save/figures/feature/
[INFO|train.py:153] 2024-04-04 23:33:09,601 > model id: iteration13-fold4, Epoch : 1098 - Find best epoch
[INFO|train.py:168] 2024-04-04 23:33:09,604 > *** Best ACC : 86.03 ***
[INFO|train.py:173] 2024-04-04 23:33:09,605 > **************** Best and Average acc of 24 folds by subject in iteration 13*********************
[INFO|train.py:174] 2024-04-04 23:33:09,605 > ** Best ACC : 87.3,    Avearge acc : 86.35,    std : 0.71 **

[INFO|train.py:79] 2024-04-04 23:33:09,605 > =================================== Iteration 14 ======================================
[INFO|train.py:81] 2024-04-04 23:33:09,605 > ******************* TEST fold 3:1 / Fold 1 *********************
[INFO|train.py:87] 2024-04-04 23:33:09,606 > similarity matrix construction start...
[INFO|train.py:97] 2024-04-04 23:33:11,526 > similarity matrix construction Done...
[INFO|train.py:116] 2024-04-04 23:33:12,985 > graph structures are saved to save/figures/structure/
[INFO|train.py:128] 2024-04-04 23:33:13,584 > graph node features are saved to save/figures/feature/
[INFO|train.py:153] 2024-04-04 23:33:38,731 > model id: iteration14-fold1, Epoch : 598 - Find best epoch
[INFO|train.py:168] 2024-04-04 23:33:38,734 > *** Best ACC : 84.13 ***
[INFO|train.py:81] 2024-04-04 23:33:38,734 > ******************* TEST fold 3:1 / Fold 2 *********************
[INFO|train.py:87] 2024-04-04 23:33:38,735 > similarity matrix construction start...
[INFO|train.py:97] 2024-04-04 23:33:40,545 > similarity matrix construction Done...
[INFO|train.py:116] 2024-04-04 23:33:42,112 > graph structures are saved to save/figures/structure/
[INFO|train.py:128] 2024-04-04 23:33:42,711 > graph node features are saved to save/figures/feature/
[INFO|train.py:153] 2024-04-04 23:34:12,599 > model id: iteration14-fold2, Epoch : 817 - Find best epoch
[INFO|train.py:168] 2024-04-04 23:34:12,603 > *** Best ACC : 83.81 ***
[INFO|train.py:81] 2024-04-04 23:34:12,603 > ******************* TEST fold 3:1 / Fold 3 *********************
[INFO|train.py:87] 2024-04-04 23:34:12,604 > similarity matrix construction start...
[INFO|train.py:97] 2024-04-04 23:34:14,409 > similarity matrix construction Done...
[INFO|train.py:116] 2024-04-04 23:34:15,867 > graph structures are saved to save/figures/structure/
[INFO|train.py:128] 2024-04-04 23:34:16,466 > graph node features are saved to save/figures/feature/
[INFO|train.py:153] 2024-04-04 23:34:43,915 > model id: iteration14-fold3, Epoch : 646 - Find best epoch
[INFO|train.py:168] 2024-04-04 23:34:43,919 > *** Best ACC : 84.76 ***
[INFO|train.py:81] 2024-04-04 23:34:43,919 > ******************* TEST fold 3:1 / Fold 4 *********************
[INFO|train.py:87] 2024-04-04 23:34:43,920 > similarity matrix construction start...
[INFO|train.py:97] 2024-04-04 23:34:45,725 > similarity matrix construction Done...
[INFO|train.py:116] 2024-04-04 23:34:47,291 > graph structures are saved to save/figures/structure/
[INFO|train.py:128] 2024-04-04 23:34:47,888 > graph node features are saved to save/figures/feature/
[INFO|train.py:153] 2024-04-04 23:35:17,464 > model id: iteration14-fold4, Epoch : 802 - Find best epoch
[INFO|train.py:168] 2024-04-04 23:35:17,467 > *** Best ACC : 83.81 ***
[INFO|train.py:173] 2024-04-04 23:35:17,467 > **************** Best and Average acc of 24 folds by subject in iteration 14*********************
[INFO|train.py:174] 2024-04-04 23:35:17,468 > ** Best ACC : 84.76,    Avearge acc : 84.13,    std : 0.39 **

[INFO|train.py:79] 2024-04-04 23:35:17,468 > =================================== Iteration 15 ======================================
[INFO|train.py:81] 2024-04-04 23:35:17,468 > ******************* TEST fold 3:1 / Fold 1 *********************
[INFO|train.py:87] 2024-04-04 23:35:17,469 > similarity matrix construction start...
[INFO|train.py:97] 2024-04-04 23:35:19,284 > similarity matrix construction Done...
[INFO|train.py:116] 2024-04-04 23:35:20,743 > graph structures are saved to save/figures/structure/
[INFO|train.py:128] 2024-04-04 23:35:21,341 > graph node features are saved to save/figures/feature/
[INFO|train.py:153] 2024-04-04 23:35:46,878 > model id: iteration15-fold1, Epoch : 802 - Find best epoch
[INFO|train.py:168] 2024-04-04 23:35:46,881 > *** Best ACC : 86.11 ***
[INFO|train.py:81] 2024-04-04 23:35:46,881 > ******************* TEST fold 3:1 / Fold 2 *********************
[INFO|train.py:87] 2024-04-04 23:35:46,882 > similarity matrix construction start...
[INFO|train.py:97] 2024-04-04 23:35:48,681 > similarity matrix construction Done...
[INFO|train.py:116] 2024-04-04 23:35:50,244 > graph structures are saved to save/figures/structure/
[INFO|train.py:128] 2024-04-04 23:35:50,842 > graph node features are saved to save/figures/feature/
[INFO|train.py:153] 2024-04-04 23:36:21,240 > model id: iteration15-fold2, Epoch : 691 - Find best epoch
[INFO|train.py:168] 2024-04-04 23:36:21,243 > *** Best ACC : 85.32 ***
[INFO|train.py:81] 2024-04-04 23:36:21,243 > ******************* TEST fold 3:1 / Fold 3 *********************
[INFO|train.py:87] 2024-04-04 23:36:21,244 > similarity matrix construction start...
[INFO|train.py:97] 2024-04-04 23:36:23,064 > similarity matrix construction Done...
[INFO|train.py:116] 2024-04-04 23:36:24,521 > graph structures are saved to save/figures/structure/
[INFO|train.py:128] 2024-04-04 23:36:25,120 > graph node features are saved to save/figures/feature/
[INFO|train.py:153] 2024-04-04 23:36:55,628 > model id: iteration15-fold3, Epoch : 2299 - Find best epoch
[INFO|train.py:168] 2024-04-04 23:36:55,631 > *** Best ACC : 86.11 ***
[INFO|train.py:81] 2024-04-04 23:36:55,631 > ******************* TEST fold 3:1 / Fold 4 *********************
[INFO|train.py:87] 2024-04-04 23:36:55,632 > similarity matrix construction start...
[INFO|train.py:97] 2024-04-04 23:36:57,559 > similarity matrix construction Done...
[INFO|train.py:116] 2024-04-04 23:36:59,016 > graph structures are saved to save/figures/structure/
[INFO|train.py:128] 2024-04-04 23:36:59,615 > graph node features are saved to save/figures/feature/
[INFO|train.py:153] 2024-04-04 23:37:30,195 > model id: iteration15-fold4, Epoch : 491 - Find best epoch
[INFO|train.py:168] 2024-04-04 23:37:30,198 > *** Best ACC : 84.52 ***
[INFO|train.py:173] 2024-04-04 23:37:30,198 > **************** Best and Average acc of 24 folds by subject in iteration 15*********************
[INFO|train.py:174] 2024-04-04 23:37:30,198 > ** Best ACC : 86.11,    Avearge acc : 85.52,    std : 0.66 **

[INFO|train.py:79] 2024-04-04 23:37:30,198 > =================================== Iteration 16 ======================================
[INFO|train.py:81] 2024-04-04 23:37:30,198 > ******************* TEST fold 3:1 / Fold 1 *********************
[INFO|train.py:87] 2024-04-04 23:37:30,199 > similarity matrix construction start...
[INFO|train.py:97] 2024-04-04 23:37:32,000 > similarity matrix construction Done...
[INFO|train.py:116] 2024-04-04 23:37:33,565 > graph structures are saved to save/figures/structure/
[INFO|train.py:128] 2024-04-04 23:37:34,167 > graph node features are saved to save/figures/feature/
[INFO|train.py:153] 2024-04-04 23:38:04,750 > model id: iteration16-fold1, Epoch : 375 - Find best epoch
[INFO|train.py:168] 2024-04-04 23:38:04,754 > *** Best ACC : 82.86 ***
[INFO|train.py:81] 2024-04-04 23:38:04,754 > ******************* TEST fold 3:1 / Fold 2 *********************
[INFO|train.py:87] 2024-04-04 23:38:04,755 > similarity matrix construction start...
[INFO|train.py:97] 2024-04-04 23:38:06,579 > similarity matrix construction Done...
[INFO|train.py:116] 2024-04-04 23:38:08,042 > graph structures are saved to save/figures/structure/
[INFO|train.py:128] 2024-04-04 23:38:08,643 > graph node features are saved to save/figures/feature/
[INFO|train.py:153] 2024-04-04 23:38:38,267 > model id: iteration16-fold2, Epoch : 1407 - Find best epoch
[INFO|train.py:168] 2024-04-04 23:38:38,270 > *** Best ACC : 83.17 ***
[INFO|train.py:81] 2024-04-04 23:38:38,270 > ******************* TEST fold 3:1 / Fold 3 *********************
[INFO|train.py:87] 2024-04-04 23:38:38,271 > similarity matrix construction start...
[INFO|train.py:97] 2024-04-04 23:38:40,092 > similarity matrix construction Done...
[INFO|train.py:116] 2024-04-04 23:38:41,666 > graph structures are saved to save/figures/structure/
[INFO|train.py:128] 2024-04-04 23:38:42,267 > graph node features are saved to save/figures/feature/
[INFO|train.py:153] 2024-04-04 23:39:10,402 > model id: iteration16-fold3, Epoch : 685 - Find best epoch
[INFO|train.py:168] 2024-04-04 23:39:10,406 > *** Best ACC : 82.54 ***
[INFO|train.py:81] 2024-04-04 23:39:10,406 > ******************* TEST fold 3:1 / Fold 4 *********************
[INFO|train.py:87] 2024-04-04 23:39:10,407 > similarity matrix construction start...
[INFO|train.py:97] 2024-04-04 23:39:12,263 > similarity matrix construction Done...
[INFO|train.py:116] 2024-04-04 23:39:13,735 > graph structures are saved to save/figures/structure/
[INFO|train.py:128] 2024-04-04 23:39:14,346 > graph node features are saved to save/figures/feature/
[INFO|train.py:153] 2024-04-04 23:39:43,218 > model id: iteration16-fold4, Epoch : 1121 - Find best epoch
[INFO|train.py:168] 2024-04-04 23:39:43,221 > *** Best ACC : 82.54 ***
[INFO|train.py:173] 2024-04-04 23:39:43,221 > **************** Best and Average acc of 24 folds by subject in iteration 16*********************
[INFO|train.py:174] 2024-04-04 23:39:43,222 > ** Best ACC : 83.17,    Avearge acc : 82.78,    std : 0.26 **

[INFO|train.py:79] 2024-04-04 23:39:43,222 > =================================== Iteration 17 ======================================
[INFO|train.py:81] 2024-04-04 23:39:43,222 > ******************* TEST fold 3:1 / Fold 1 *********************
[INFO|train.py:87] 2024-04-04 23:39:43,223 > similarity matrix construction start...
[INFO|train.py:97] 2024-04-04 23:39:45,042 > similarity matrix construction Done...
[INFO|train.py:116] 2024-04-04 23:39:46,608 > graph structures are saved to save/figures/structure/
[INFO|train.py:128] 2024-04-04 23:39:47,208 > graph node features are saved to save/figures/feature/
[INFO|train.py:153] 2024-04-04 23:40:17,904 > model id: iteration17-fold1, Epoch : 2175 - Find best epoch
[INFO|train.py:168] 2024-04-04 23:40:17,907 > *** Best ACC : 84.13 ***
[INFO|train.py:81] 2024-04-04 23:40:17,907 > ******************* TEST fold 3:1 / Fold 2 *********************
[INFO|train.py:87] 2024-04-04 23:40:17,908 > similarity matrix construction start...
[INFO|train.py:97] 2024-04-04 23:40:19,729 > similarity matrix construction Done...
[INFO|train.py:116] 2024-04-04 23:40:21,186 > graph structures are saved to save/figures/structure/
[INFO|train.py:128] 2024-04-04 23:40:21,898 > graph node features are saved to save/figures/feature/
[INFO|train.py:153] 2024-04-04 23:40:52,387 > model id: iteration17-fold2, Epoch : 1977 - Find best epoch
[INFO|train.py:168] 2024-04-04 23:40:52,390 > *** Best ACC : 83.49 ***
[INFO|train.py:81] 2024-04-04 23:40:52,390 > ******************* TEST fold 3:1 / Fold 3 *********************
[INFO|train.py:87] 2024-04-04 23:40:52,391 > similarity matrix construction start...
[INFO|train.py:97] 2024-04-04 23:40:54,211 > similarity matrix construction Done...
[INFO|train.py:116] 2024-04-04 23:40:55,671 > graph structures are saved to save/figures/structure/
[INFO|train.py:128] 2024-04-04 23:40:56,272 > graph node features are saved to save/figures/feature/
[INFO|train.py:153] 2024-04-04 23:41:26,448 > model id: iteration17-fold3, Epoch : 2233 - Find best epoch
[INFO|train.py:168] 2024-04-04 23:41:26,451 > *** Best ACC : 83.17 ***
[INFO|train.py:81] 2024-04-04 23:41:26,451 > ******************* TEST fold 3:1 / Fold 4 *********************
[INFO|train.py:87] 2024-04-04 23:41:26,452 > similarity matrix construction start...
[INFO|train.py:97] 2024-04-04 23:41:28,281 > similarity matrix construction Done...
[INFO|train.py:116] 2024-04-04 23:41:29,857 > graph structures are saved to save/figures/structure/
[INFO|train.py:128] 2024-04-04 23:41:30,457 > graph node features are saved to save/figures/feature/
[INFO|train.py:153] 2024-04-04 23:42:00,984 > model id: iteration17-fold4, Epoch : 1669 - Find best epoch
[INFO|train.py:168] 2024-04-04 23:42:00,987 > *** Best ACC : 84.13 ***
[INFO|train.py:173] 2024-04-04 23:42:00,988 > **************** Best and Average acc of 24 folds by subject in iteration 17*********************
[INFO|train.py:174] 2024-04-04 23:42:00,988 > ** Best ACC : 84.13,    Avearge acc : 83.73,    std : 0.41 **

[INFO|train.py:79] 2024-04-04 23:42:00,988 > =================================== Iteration 18 ======================================
[INFO|train.py:81] 2024-04-04 23:42:00,988 > ******************* TEST fold 3:1 / Fold 1 *********************
[INFO|train.py:87] 2024-04-04 23:42:00,989 > similarity matrix construction start...
[INFO|train.py:97] 2024-04-04 23:42:02,794 > similarity matrix construction Done...
[INFO|train.py:116] 2024-04-04 23:42:04,253 > graph structures are saved to save/figures/structure/
[INFO|train.py:128] 2024-04-04 23:42:04,852 > graph node features are saved to save/figures/feature/
[INFO|train.py:153] 2024-04-04 23:42:35,245 > model id: iteration18-fold1, Epoch : 2054 - Find best epoch
[INFO|train.py:168] 2024-04-04 23:42:35,248 > *** Best ACC : 85.32 ***
[INFO|train.py:81] 2024-04-04 23:42:35,248 > ******************* TEST fold 3:1 / Fold 2 *********************
[INFO|train.py:87] 2024-04-04 23:42:35,249 > similarity matrix construction start...
[INFO|train.py:97] 2024-04-04 23:42:37,068 > similarity matrix construction Done...
[INFO|train.py:116] 2024-04-04 23:42:38,634 > graph structures are saved to save/figures/structure/
[INFO|train.py:128] 2024-04-04 23:42:39,234 > graph node features are saved to save/figures/feature/
[INFO|train.py:153] 2024-04-04 23:43:09,711 > model id: iteration18-fold2, Epoch : 2368 - Find best epoch
[INFO|train.py:168] 2024-04-04 23:43:09,714 > *** Best ACC : 85.71 ***
[INFO|train.py:81] 2024-04-04 23:43:09,714 > ******************* TEST fold 3:1 / Fold 3 *********************
[INFO|train.py:87] 2024-04-04 23:43:09,715 > similarity matrix construction start...
[INFO|train.py:97] 2024-04-04 23:43:11,556 > similarity matrix construction Done...
[INFO|train.py:116] 2024-04-04 23:43:13,025 > graph structures are saved to save/figures/structure/
[INFO|train.py:128] 2024-04-04 23:43:13,625 > graph node features are saved to save/figures/feature/
[INFO|train.py:153] 2024-04-04 23:43:43,966 > model id: iteration18-fold3, Epoch : 549 - Find best epoch
[INFO|train.py:168] 2024-04-04 23:43:43,969 > *** Best ACC : 85.71 ***
[INFO|train.py:81] 2024-04-04 23:43:43,969 > ******************* TEST fold 3:1 / Fold 4 *********************
[INFO|train.py:87] 2024-04-04 23:43:43,970 > similarity matrix construction start...
[INFO|train.py:97] 2024-04-04 23:43:45,915 > similarity matrix construction Done...
[INFO|train.py:116] 2024-04-04 23:43:47,381 > graph structures are saved to save/figures/structure/
[INFO|train.py:128] 2024-04-04 23:43:47,981 > graph node features are saved to save/figures/feature/
[INFO|train.py:153] 2024-04-04 23:44:17,812 > model id: iteration18-fold4, Epoch : 1993 - Find best epoch
[INFO|train.py:168] 2024-04-04 23:44:17,816 > *** Best ACC : 84.92 ***
[INFO|train.py:173] 2024-04-04 23:44:17,816 > **************** Best and Average acc of 24 folds by subject in iteration 18*********************
[INFO|train.py:174] 2024-04-04 23:44:17,816 > ** Best ACC : 85.71,    Avearge acc : 85.42,    std : 0.33 **

[INFO|train.py:79] 2024-04-04 23:44:17,816 > =================================== Iteration 19 ======================================
[INFO|train.py:81] 2024-04-04 23:44:17,816 > ******************* TEST fold 3:1 / Fold 1 *********************
[INFO|train.py:87] 2024-04-04 23:44:17,817 > similarity matrix construction start...
[INFO|train.py:97] 2024-04-04 23:44:19,645 > similarity matrix construction Done...
[INFO|train.py:116] 2024-04-04 23:44:21,215 > graph structures are saved to save/figures/structure/
[INFO|train.py:128] 2024-04-04 23:44:21,814 > graph node features are saved to save/figures/feature/
[INFO|train.py:153] 2024-04-04 23:44:49,686 > model id: iteration19-fold1, Epoch : 2046 - Find best epoch
[INFO|train.py:168] 2024-04-04 23:44:49,688 > *** Best ACC : 82.8 ***
[INFO|train.py:81] 2024-04-04 23:44:49,688 > ******************* TEST fold 3:1 / Fold 2 *********************
[INFO|train.py:87] 2024-04-04 23:44:49,689 > similarity matrix construction start...
[INFO|train.py:97] 2024-04-04 23:44:51,517 > similarity matrix construction Done...
[INFO|train.py:116] 2024-04-04 23:44:52,980 > graph structures are saved to save/figures/structure/
[INFO|train.py:128] 2024-04-04 23:44:53,585 > graph node features are saved to save/figures/feature/
[INFO|train.py:153] 2024-04-04 23:45:24,232 > model id: iteration19-fold2, Epoch : 464 - Find best epoch
[INFO|train.py:168] 2024-04-04 23:45:24,235 > *** Best ACC : 82.8 ***
[INFO|train.py:81] 2024-04-04 23:45:24,236 > ******************* TEST fold 3:1 / Fold 3 *********************
[INFO|train.py:87] 2024-04-04 23:45:24,237 > similarity matrix construction start...
[INFO|train.py:97] 2024-04-04 23:45:26,048 > similarity matrix construction Done...
[INFO|train.py:116] 2024-04-04 23:45:27,618 > graph structures are saved to save/figures/structure/
[INFO|train.py:128] 2024-04-04 23:45:28,217 > graph node features are saved to save/figures/feature/
[INFO|train.py:153] 2024-04-04 23:45:58,057 > model id: iteration19-fold3, Epoch : 677 - Find best epoch
[INFO|train.py:168] 2024-04-04 23:45:58,060 > *** Best ACC : 82.54 ***
[INFO|train.py:81] 2024-04-04 23:45:58,060 > ******************* TEST fold 3:1 / Fold 4 *********************
[INFO|train.py:87] 2024-04-04 23:45:58,061 > similarity matrix construction start...
[INFO|train.py:97] 2024-04-04 23:45:59,868 > similarity matrix construction Done...
[INFO|train.py:116] 2024-04-04 23:46:01,325 > graph structures are saved to save/figures/structure/
[INFO|train.py:128] 2024-04-04 23:46:01,923 > graph node features are saved to save/figures/feature/
[INFO|train.py:153] 2024-04-04 23:46:31,434 > model id: iteration19-fold4, Epoch : 708 - Find best epoch
[INFO|train.py:168] 2024-04-04 23:46:31,438 > *** Best ACC : 82.8 ***
[INFO|train.py:173] 2024-04-04 23:46:31,438 > **************** Best and Average acc of 24 folds by subject in iteration 19*********************
[INFO|train.py:174] 2024-04-04 23:46:31,438 > ** Best ACC : 82.8,    Avearge acc : 82.74,    std : 0.11 **

[INFO|train.py:79] 2024-04-04 23:46:31,438 > =================================== Iteration 20 ======================================
[INFO|train.py:81] 2024-04-04 23:46:31,438 > ******************* TEST fold 3:1 / Fold 1 *********************
[INFO|train.py:87] 2024-04-04 23:46:31,439 > similarity matrix construction start...
[INFO|train.py:97] 2024-04-04 23:46:33,256 > similarity matrix construction Done...
[INFO|train.py:116] 2024-04-04 23:46:34,822 > graph structures are saved to save/figures/structure/
[INFO|train.py:128] 2024-04-04 23:46:35,421 > graph node features are saved to save/figures/feature/
[INFO|train.py:153] 2024-04-04 23:47:04,537 > model id: iteration20-fold1, Epoch : 1072 - Find best epoch
[INFO|train.py:168] 2024-04-04 23:47:04,540 > *** Best ACC : 83.81 ***
[INFO|train.py:81] 2024-04-04 23:47:04,541 > ******************* TEST fold 3:1 / Fold 2 *********************
[INFO|train.py:87] 2024-04-04 23:47:04,542 > similarity matrix construction start...
[INFO|train.py:97] 2024-04-04 23:47:06,357 > similarity matrix construction Done...
[INFO|train.py:116] 2024-04-04 23:47:07,816 > graph structures are saved to save/figures/structure/
[INFO|train.py:128] 2024-04-04 23:47:08,415 > graph node features are saved to save/figures/feature/
[INFO|train.py:153] 2024-04-04 23:47:37,500 > model id: iteration20-fold2, Epoch : 1846 - Find best epoch
[INFO|train.py:168] 2024-04-04 23:47:37,503 > *** Best ACC : 84.13 ***
[INFO|train.py:81] 2024-04-04 23:47:37,503 > ******************* TEST fold 3:1 / Fold 3 *********************
[INFO|train.py:87] 2024-04-04 23:47:37,504 > similarity matrix construction start...
[INFO|train.py:97] 2024-04-04 23:47:39,331 > similarity matrix construction Done...
[INFO|train.py:116] 2024-04-04 23:47:40,900 > graph structures are saved to save/figures/structure/
[INFO|train.py:128] 2024-04-04 23:47:41,502 > graph node features are saved to save/figures/feature/
[INFO|train.py:153] 2024-04-04 23:48:11,367 > model id: iteration20-fold3, Epoch : 1131 - Find best epoch
[INFO|train.py:168] 2024-04-04 23:48:11,371 > *** Best ACC : 84.44 ***
[INFO|train.py:81] 2024-04-04 23:48:11,371 > ******************* TEST fold 3:1 / Fold 4 *********************
[INFO|train.py:87] 2024-04-04 23:48:11,372 > similarity matrix construction start...
[INFO|train.py:97] 2024-04-04 23:48:13,191 > similarity matrix construction Done...
[INFO|train.py:116] 2024-04-04 23:48:14,664 > graph structures are saved to save/figures/structure/
[INFO|train.py:128] 2024-04-04 23:48:15,264 > graph node features are saved to save/figures/feature/
[INFO|train.py:153] 2024-04-04 23:48:44,789 > model id: iteration20-fold4, Epoch : 352 - Find best epoch
[INFO|train.py:168] 2024-04-04 23:48:44,792 > *** Best ACC : 84.44 ***
[INFO|train.py:173] 2024-04-04 23:48:44,792 > **************** Best and Average acc of 24 folds by subject in iteration 20*********************
[INFO|train.py:174] 2024-04-04 23:48:44,793 > ** Best ACC : 84.44,    Avearge acc : 84.21,    std : 0.26 **

[INFO|train.py:79] 2024-04-04 23:48:44,793 > =================================== Iteration 21 ======================================
[INFO|train.py:81] 2024-04-04 23:48:44,793 > ******************* TEST fold 3:1 / Fold 1 *********************
[INFO|train.py:87] 2024-04-04 23:48:44,794 > similarity matrix construction start...
[INFO|train.py:97] 2024-04-04 23:48:46,610 > similarity matrix construction Done...
[INFO|train.py:116] 2024-04-04 23:48:48,184 > graph structures are saved to save/figures/structure/
[INFO|train.py:128] 2024-04-04 23:48:48,787 > graph node features are saved to save/figures/feature/
[INFO|train.py:153] 2024-04-04 23:49:18,370 > model id: iteration21-fold1, Epoch : 476 - Find best epoch
[INFO|train.py:168] 2024-04-04 23:49:18,374 > *** Best ACC : 83.33 ***
[INFO|train.py:81] 2024-04-04 23:49:18,374 > ******************* TEST fold 3:1 / Fold 2 *********************
[INFO|train.py:87] 2024-04-04 23:49:18,375 > similarity matrix construction start...
[INFO|train.py:97] 2024-04-04 23:49:20,182 > similarity matrix construction Done...
[INFO|train.py:116] 2024-04-04 23:49:21,641 > graph structures are saved to save/figures/structure/
[INFO|train.py:128] 2024-04-04 23:49:22,364 > graph node features are saved to save/figures/feature/
[INFO|train.py:153] 2024-04-04 23:49:52,292 > model id: iteration21-fold2, Epoch : 251 - Find best epoch
[INFO|train.py:168] 2024-04-04 23:49:52,295 > *** Best ACC : 83.07 ***
[INFO|train.py:81] 2024-04-04 23:49:52,295 > ******************* TEST fold 3:1 / Fold 3 *********************
[INFO|train.py:87] 2024-04-04 23:49:52,296 > similarity matrix construction start...
[INFO|train.py:97] 2024-04-04 23:49:54,114 > similarity matrix construction Done...
[INFO|train.py:116] 2024-04-04 23:49:55,586 > graph structures are saved to save/figures/structure/
[INFO|train.py:128] 2024-04-04 23:49:56,192 > graph node features are saved to save/figures/feature/
[INFO|train.py:153] 2024-04-04 23:50:24,440 > model id: iteration21-fold3, Epoch : 1331 - Find best epoch
[INFO|train.py:168] 2024-04-04 23:50:24,443 > *** Best ACC : 83.33 ***
[INFO|train.py:81] 2024-04-04 23:50:24,443 > ******************* TEST fold 3:1 / Fold 4 *********************
[INFO|train.py:87] 2024-04-04 23:50:24,444 > similarity matrix construction start...
[INFO|train.py:97] 2024-04-04 23:50:26,249 > similarity matrix construction Done...
[INFO|train.py:116] 2024-04-04 23:50:27,825 > graph structures are saved to save/figures/structure/
[INFO|train.py:128] 2024-04-04 23:50:28,423 > graph node features are saved to save/figures/feature/
[INFO|train.py:153] 2024-04-04 23:50:57,720 > model id: iteration21-fold4, Epoch : 813 - Find best epoch
[INFO|train.py:168] 2024-04-04 23:50:57,724 > *** Best ACC : 83.07 ***
[INFO|train.py:173] 2024-04-04 23:50:57,724 > **************** Best and Average acc of 24 folds by subject in iteration 21*********************
[INFO|train.py:174] 2024-04-04 23:50:57,724 > ** Best ACC : 83.33,    Avearge acc : 83.2,    std : 0.13 **

[INFO|train.py:79] 2024-04-04 23:50:57,724 > =================================== Iteration 22 ======================================
[INFO|train.py:81] 2024-04-04 23:50:57,724 > ******************* TEST fold 3:1 / Fold 1 *********************
[INFO|train.py:87] 2024-04-04 23:50:57,725 > similarity matrix construction start...
[INFO|train.py:97] 2024-04-04 23:50:59,551 > similarity matrix construction Done...
[INFO|train.py:116] 2024-04-04 23:51:01,012 > graph structures are saved to save/figures/structure/
[INFO|train.py:128] 2024-04-04 23:51:01,612 > graph node features are saved to save/figures/feature/
[INFO|train.py:153] 2024-04-04 23:51:29,552 > model id: iteration22-fold1, Epoch : 359 - Find best epoch
[INFO|train.py:168] 2024-04-04 23:51:29,555 > *** Best ACC : 82.54 ***
[INFO|train.py:81] 2024-04-04 23:51:29,556 > ******************* TEST fold 3:1 / Fold 2 *********************
[INFO|train.py:87] 2024-04-04 23:51:29,557 > similarity matrix construction start...
[INFO|train.py:97] 2024-04-04 23:51:31,369 > similarity matrix construction Done...
[INFO|train.py:116] 2024-04-04 23:51:32,944 > graph structures are saved to save/figures/structure/
[INFO|train.py:128] 2024-04-04 23:51:33,544 > graph node features are saved to save/figures/feature/
[INFO|train.py:153] 2024-04-04 23:52:02,869 > model id: iteration22-fold2, Epoch : 2287 - Find best epoch
[INFO|train.py:168] 2024-04-04 23:52:02,872 > *** Best ACC : 82.54 ***
[INFO|train.py:81] 2024-04-04 23:52:02,872 > ******************* TEST fold 3:1 / Fold 3 *********************
[INFO|train.py:87] 2024-04-04 23:52:02,881 > similarity matrix construction start...
[INFO|train.py:97] 2024-04-04 23:52:04,689 > similarity matrix construction Done...
[INFO|train.py:116] 2024-04-04 23:52:06,149 > graph structures are saved to save/figures/structure/
[INFO|train.py:128] 2024-04-04 23:52:06,748 > graph node features are saved to save/figures/feature/
[INFO|train.py:153] 2024-04-04 23:52:36,339 > model id: iteration22-fold3, Epoch : 726 - Find best epoch
[INFO|train.py:168] 2024-04-04 23:52:36,342 > *** Best ACC : 83.81 ***
[INFO|train.py:81] 2024-04-04 23:52:36,342 > ******************* TEST fold 3:1 / Fold 4 *********************
[INFO|train.py:87] 2024-04-04 23:52:36,343 > similarity matrix construction start...
[INFO|train.py:97] 2024-04-04 23:52:38,142 > similarity matrix construction Done...
[INFO|train.py:116] 2024-04-04 23:52:39,717 > graph structures are saved to save/figures/structure/
[INFO|train.py:128] 2024-04-04 23:52:40,314 > graph node features are saved to save/figures/feature/
[INFO|train.py:153] 2024-04-04 23:53:09,906 > model id: iteration22-fold4, Epoch : 1019 - Find best epoch
[INFO|train.py:168] 2024-04-04 23:53:09,909 > *** Best ACC : 82.54 ***
[INFO|train.py:173] 2024-04-04 23:53:09,910 > **************** Best and Average acc of 24 folds by subject in iteration 22*********************
[INFO|train.py:174] 2024-04-04 23:53:09,910 > ** Best ACC : 83.81,    Avearge acc : 82.86,    std : 0.55 **

[INFO|train.py:79] 2024-04-04 23:53:09,910 > =================================== Iteration 23 ======================================
[INFO|train.py:81] 2024-04-04 23:53:09,910 > ******************* TEST fold 3:1 / Fold 1 *********************
[INFO|train.py:87] 2024-04-04 23:53:09,911 > similarity matrix construction start...
[INFO|train.py:97] 2024-04-04 23:53:11,715 > similarity matrix construction Done...
[INFO|train.py:116] 2024-04-04 23:53:13,174 > graph structures are saved to save/figures/structure/
[INFO|train.py:128] 2024-04-04 23:53:13,774 > graph node features are saved to save/figures/feature/
[INFO|train.py:153] 2024-04-04 23:53:43,552 > model id: iteration23-fold1, Epoch : 1512 - Find best epoch
[INFO|train.py:168] 2024-04-04 23:53:43,555 > *** Best ACC : 83.33 ***
[INFO|train.py:81] 2024-04-04 23:53:43,555 > ******************* TEST fold 3:1 / Fold 2 *********************
[INFO|train.py:87] 2024-04-04 23:53:43,557 > similarity matrix construction start...
[INFO|train.py:97] 2024-04-04 23:53:45,372 > similarity matrix construction Done...
[INFO|train.py:116] 2024-04-04 23:53:46,948 > graph structures are saved to save/figures/structure/
[INFO|train.py:128] 2024-04-04 23:53:47,548 > graph node features are saved to save/figures/feature/
[INFO|train.py:153] 2024-04-04 23:54:17,660 > model id: iteration23-fold2, Epoch : 2398 - Find best epoch
[INFO|train.py:168] 2024-04-04 23:54:17,663 > *** Best ACC : 83.07 ***
[INFO|train.py:81] 2024-04-04 23:54:17,663 > ******************* TEST fold 3:1 / Fold 3 *********************
[INFO|train.py:87] 2024-04-04 23:54:17,664 > similarity matrix construction start...
[INFO|train.py:97] 2024-04-04 23:54:19,469 > similarity matrix construction Done...
[INFO|train.py:116] 2024-04-04 23:54:20,927 > graph structures are saved to save/figures/structure/
[INFO|train.py:128] 2024-04-04 23:54:21,524 > graph node features are saved to save/figures/feature/
[INFO|train.py:153] 2024-04-04 23:54:47,115 > model id: iteration23-fold3, Epoch : 1739 - Find best epoch
[INFO|train.py:168] 2024-04-04 23:54:47,118 > *** Best ACC : 83.6 ***
[INFO|train.py:81] 2024-04-04 23:54:47,118 > ******************* TEST fold 3:1 / Fold 4 *********************
[INFO|train.py:87] 2024-04-04 23:54:47,119 > similarity matrix construction start...
[INFO|train.py:97] 2024-04-04 23:54:48,933 > similarity matrix construction Done...
[INFO|train.py:116] 2024-04-04 23:54:50,514 > graph structures are saved to save/figures/structure/
[INFO|train.py:128] 2024-04-04 23:54:51,116 > graph node features are saved to save/figures/feature/
[INFO|train.py:153] 2024-04-04 23:55:20,479 > model id: iteration23-fold4, Epoch : 1757 - Find best epoch
[INFO|train.py:168] 2024-04-04 23:55:20,482 > *** Best ACC : 82.8 ***
[INFO|train.py:173] 2024-04-04 23:55:20,482 > **************** Best and Average acc of 24 folds by subject in iteration 23*********************
[INFO|train.py:174] 2024-04-04 23:55:20,482 > ** Best ACC : 83.6,    Avearge acc : 83.2,    std : 0.3 **

[INFO|train.py:79] 2024-04-04 23:55:20,483 > =================================== Iteration 24 ======================================
[INFO|train.py:81] 2024-04-04 23:55:20,483 > ******************* TEST fold 3:1 / Fold 1 *********************
[INFO|train.py:87] 2024-04-04 23:55:20,484 > similarity matrix construction start...
[INFO|train.py:97] 2024-04-04 23:55:22,295 > similarity matrix construction Done...
[INFO|train.py:116] 2024-04-04 23:55:23,748 > graph structures are saved to save/figures/structure/
[INFO|train.py:128] 2024-04-04 23:55:24,347 > graph node features are saved to save/figures/feature/
[INFO|train.py:153] 2024-04-04 23:55:54,103 > model id: iteration24-fold1, Epoch : 2068 - Find best epoch
[INFO|train.py:168] 2024-04-04 23:55:54,106 > *** Best ACC : 82.01 ***
[INFO|train.py:81] 2024-04-04 23:55:54,107 > ******************* TEST fold 3:1 / Fold 2 *********************
[INFO|train.py:87] 2024-04-04 23:55:54,108 > similarity matrix construction start...
[INFO|train.py:97] 2024-04-04 23:55:56,033 > similarity matrix construction Done...
[INFO|train.py:116] 2024-04-04 23:55:57,496 > graph structures are saved to save/figures/structure/
[INFO|train.py:128] 2024-04-04 23:55:58,095 > graph node features are saved to save/figures/feature/
[INFO|train.py:153] 2024-04-04 23:56:27,820 > model id: iteration24-fold2, Epoch : 1994 - Find best epoch
[INFO|train.py:168] 2024-04-04 23:56:27,823 > *** Best ACC : 82.01 ***
[INFO|train.py:81] 2024-04-04 23:56:27,823 > ******************* TEST fold 3:1 / Fold 3 *********************
[INFO|train.py:87] 2024-04-04 23:56:27,824 > similarity matrix construction start...
[INFO|train.py:97] 2024-04-04 23:56:29,621 > similarity matrix construction Done...
[INFO|train.py:116] 2024-04-04 23:56:31,075 > graph structures are saved to save/figures/structure/
[INFO|train.py:128] 2024-04-04 23:56:31,792 > graph node features are saved to save/figures/feature/
[INFO|train.py:153] 2024-04-04 23:57:02,127 > model id: iteration24-fold3, Epoch : 912 - Find best epoch
[INFO|train.py:168] 2024-04-04 23:57:02,130 > *** Best ACC : 82.8 ***
[INFO|train.py:81] 2024-04-04 23:57:02,130 > ******************* TEST fold 3:1 / Fold 4 *********************
[INFO|train.py:87] 2024-04-04 23:57:02,131 > similarity matrix construction start...
[INFO|train.py:97] 2024-04-04 23:57:03,944 > similarity matrix construction Done...
[INFO|train.py:116] 2024-04-04 23:57:05,412 > graph structures are saved to save/figures/structure/
[INFO|train.py:128] 2024-04-04 23:57:06,011 > graph node features are saved to save/figures/feature/
[INFO|train.py:153] 2024-04-04 23:57:36,298 > model id: iteration24-fold4, Epoch : 214 - Find best epoch
[INFO|train.py:168] 2024-04-04 23:57:36,301 > *** Best ACC : 83.86 ***
[INFO|train.py:173] 2024-04-04 23:57:36,301 > **************** Best and Average acc of 24 folds by subject in iteration 24*********************
[INFO|train.py:174] 2024-04-04 23:57:36,301 > ** Best ACC : 83.86,    Avearge acc : 82.67,    std : 0.76 **

[INFO|train.py:79] 2024-04-04 23:57:36,301 > =================================== Iteration 25 ======================================
[INFO|train.py:81] 2024-04-04 23:57:36,301 > ******************* TEST fold 3:1 / Fold 1 *********************
[INFO|train.py:87] 2024-04-04 23:57:36,302 > similarity matrix construction start...
[INFO|train.py:97] 2024-04-04 23:57:38,127 > similarity matrix construction Done...
[INFO|train.py:116] 2024-04-04 23:57:39,590 > graph structures are saved to save/figures/structure/
[INFO|train.py:128] 2024-04-04 23:57:40,311 > graph node features are saved to save/figures/feature/
[INFO|train.py:153] 2024-04-04 23:58:10,231 > model id: iteration25-fold1, Epoch : 535 - Find best epoch
[INFO|train.py:168] 2024-04-04 23:58:10,234 > *** Best ACC : 86.35 ***
[INFO|train.py:81] 2024-04-04 23:58:10,234 > ******************* TEST fold 3:1 / Fold 2 *********************
[INFO|train.py:87] 2024-04-04 23:58:10,236 > similarity matrix construction start...
[INFO|train.py:97] 2024-04-04 23:58:12,051 > similarity matrix construction Done...
[INFO|train.py:116] 2024-04-04 23:58:13,518 > graph structures are saved to save/figures/structure/
[INFO|train.py:128] 2024-04-04 23:58:14,119 > graph node features are saved to save/figures/feature/
[INFO|train.py:153] 2024-04-04 23:58:43,558 > model id: iteration25-fold2, Epoch : 845 - Find best epoch
[INFO|train.py:168] 2024-04-04 23:58:43,562 > *** Best ACC : 86.35 ***
[INFO|train.py:81] 2024-04-04 23:58:43,562 > ******************* TEST fold 3:1 / Fold 3 *********************
[INFO|train.py:87] 2024-04-04 23:58:43,564 > similarity matrix construction start...
[INFO|train.py:97] 2024-04-04 23:58:45,358 > similarity matrix construction Done...
[INFO|train.py:116] 2024-04-04 23:58:46,936 > graph structures are saved to save/figures/structure/
[INFO|train.py:128] 2024-04-04 23:58:47,532 > graph node features are saved to save/figures/feature/
[INFO|train.py:153] 2024-04-04 23:59:15,033 > model id: iteration25-fold3, Epoch : 666 - Find best epoch
[INFO|train.py:168] 2024-04-04 23:59:15,036 > *** Best ACC : 85.4 ***
[INFO|train.py:81] 2024-04-04 23:59:15,037 > ******************* TEST fold 3:1 / Fold 4 *********************
[INFO|train.py:87] 2024-04-04 23:59:15,038 > similarity matrix construction start...
[INFO|train.py:97] 2024-04-04 23:59:16,842 > similarity matrix construction Done...
[INFO|train.py:116] 2024-04-04 23:59:18,309 > graph structures are saved to save/figures/structure/
[INFO|train.py:128] 2024-04-04 23:59:18,906 > graph node features are saved to save/figures/feature/
[INFO|train.py:153] 2024-04-04 23:59:48,223 > model id: iteration25-fold4, Epoch : 2143 - Find best epoch
[INFO|train.py:168] 2024-04-04 23:59:48,226 > *** Best ACC : 86.03 ***
[INFO|train.py:173] 2024-04-04 23:59:48,226 > **************** Best and Average acc of 24 folds by subject in iteration 25*********************
[INFO|train.py:174] 2024-04-04 23:59:48,226 > ** Best ACC : 86.35,    Avearge acc : 86.03,    std : 0.39 **

[INFO|train.py:79] 2024-04-04 23:59:48,226 > =================================== Iteration 26 ======================================
[INFO|train.py:81] 2024-04-04 23:59:48,226 > ******************* TEST fold 3:1 / Fold 1 *********************
[INFO|train.py:87] 2024-04-04 23:59:48,227 > similarity matrix construction start...
[INFO|train.py:97] 2024-04-04 23:59:50,040 > similarity matrix construction Done...
[INFO|train.py:116] 2024-04-04 23:59:51,620 > graph structures are saved to save/figures/structure/
[INFO|train.py:128] 2024-04-04 23:59:52,219 > graph node features are saved to save/figures/feature/
[INFO|train.py:153] 2024-04-05 00:00:22,701 > model id: iteration26-fold1, Epoch : 2236 - Find best epoch
[INFO|train.py:168] 2024-04-05 00:00:22,704 > *** Best ACC : 85.4 ***
[INFO|train.py:81] 2024-04-05 00:00:22,704 > ******************* TEST fold 3:1 / Fold 2 *********************
[INFO|train.py:87] 2024-04-05 00:00:22,705 > similarity matrix construction start...
[INFO|train.py:97] 2024-04-05 00:00:24,524 > similarity matrix construction Done...
[INFO|train.py:116] 2024-04-05 00:00:25,984 > graph structures are saved to save/figures/structure/
[INFO|train.py:128] 2024-04-05 00:00:26,580 > graph node features are saved to save/figures/feature/
[INFO|train.py:153] 2024-04-05 00:00:57,010 > model id: iteration26-fold2, Epoch : 1788 - Find best epoch
[INFO|train.py:168] 2024-04-05 00:00:57,014 > *** Best ACC : 84.44 ***
[INFO|train.py:81] 2024-04-05 00:00:57,014 > ******************* TEST fold 3:1 / Fold 3 *********************
[INFO|train.py:87] 2024-04-05 00:00:57,015 > similarity matrix construction start...
[INFO|train.py:97] 2024-04-05 00:00:58,825 > similarity matrix construction Done...
[INFO|train.py:116] 2024-04-05 00:01:00,402 > graph structures are saved to save/figures/structure/
[INFO|train.py:128] 2024-04-05 00:01:01,002 > graph node features are saved to save/figures/feature/
[INFO|train.py:153] 2024-04-05 00:01:30,921 > model id: iteration26-fold3, Epoch : 2325 - Find best epoch
[INFO|train.py:168] 2024-04-05 00:01:30,924 > *** Best ACC : 85.08 ***
[INFO|train.py:81] 2024-04-05 00:01:30,924 > ******************* TEST fold 3:1 / Fold 4 *********************
[INFO|train.py:87] 2024-04-05 00:01:30,925 > similarity matrix construction start...
[INFO|train.py:97] 2024-04-05 00:01:32,743 > similarity matrix construction Done...
[INFO|train.py:116] 2024-04-05 00:01:34,197 > graph structures are saved to save/figures/structure/
[INFO|train.py:128] 2024-04-05 00:01:34,801 > graph node features are saved to save/figures/feature/
[INFO|train.py:153] 2024-04-05 00:02:04,885 > model id: iteration26-fold4, Epoch : 1050 - Find best epoch
[INFO|train.py:168] 2024-04-05 00:02:04,888 > *** Best ACC : 84.76 ***
[INFO|train.py:173] 2024-04-05 00:02:04,888 > **************** Best and Average acc of 24 folds by subject in iteration 26*********************
[INFO|train.py:174] 2024-04-05 00:02:04,888 > ** Best ACC : 85.4,    Avearge acc : 84.92,    std : 0.35 **

[INFO|train.py:79] 2024-04-05 00:02:04,889 > =================================== Iteration 27 ======================================
[INFO|train.py:81] 2024-04-05 00:02:04,889 > ******************* TEST fold 3:1 / Fold 1 *********************
[INFO|train.py:87] 2024-04-05 00:02:04,890 > similarity matrix construction start...
[INFO|train.py:97] 2024-04-05 00:02:06,706 > similarity matrix construction Done...
[INFO|train.py:116] 2024-04-05 00:02:08,287 > graph structures are saved to save/figures/structure/
[INFO|train.py:128] 2024-04-05 00:02:08,885 > graph node features are saved to save/figures/feature/
[INFO|train.py:153] 2024-04-05 00:02:39,201 > model id: iteration27-fold1, Epoch : 602 - Find best epoch
[INFO|train.py:168] 2024-04-05 00:02:39,204 > *** Best ACC : 84.13 ***
[INFO|train.py:81] 2024-04-05 00:02:39,204 > ******************* TEST fold 3:1 / Fold 2 *********************
[INFO|train.py:87] 2024-04-05 00:02:39,205 > similarity matrix construction start...
[INFO|train.py:97] 2024-04-05 00:02:41,013 > similarity matrix construction Done...
[INFO|train.py:116] 2024-04-05 00:02:42,469 > graph structures are saved to save/figures/structure/
[INFO|train.py:128] 2024-04-05 00:02:43,069 > graph node features are saved to save/figures/feature/
[INFO|train.py:153] 2024-04-05 00:03:12,976 > model id: iteration27-fold2, Epoch : 694 - Find best epoch
[INFO|train.py:168] 2024-04-05 00:03:12,979 > *** Best ACC : 84.76 ***
[INFO|train.py:81] 2024-04-05 00:03:12,979 > ******************* TEST fold 3:1 / Fold 3 *********************
[INFO|train.py:87] 2024-04-05 00:03:12,980 > similarity matrix construction start...
[INFO|train.py:97] 2024-04-05 00:03:14,792 > similarity matrix construction Done...
[INFO|train.py:116] 2024-04-05 00:03:16,380 > graph structures are saved to save/figures/structure/
[INFO|train.py:128] 2024-04-05 00:03:16,985 > graph node features are saved to save/figures/feature/
[INFO|train.py:153] 2024-04-05 00:03:46,332 > model id: iteration27-fold3, Epoch : 2923 - Find best epoch
[INFO|train.py:168] 2024-04-05 00:03:46,336 > *** Best ACC : 84.13 ***
[INFO|train.py:81] 2024-04-05 00:03:46,336 > ******************* TEST fold 3:1 / Fold 4 *********************
[INFO|train.py:87] 2024-04-05 00:03:46,337 > similarity matrix construction start...
[INFO|train.py:97] 2024-04-05 00:03:48,147 > similarity matrix construction Done...
[INFO|train.py:116] 2024-04-05 00:03:49,602 > graph structures are saved to save/figures/structure/
[INFO|train.py:128] 2024-04-05 00:03:50,206 > graph node features are saved to save/figures/feature/
[INFO|train.py:153] 2024-04-05 00:04:20,082 > model id: iteration27-fold4, Epoch : 1530 - Find best epoch
[INFO|train.py:168] 2024-04-05 00:04:20,086 > *** Best ACC : 84.13 ***
[INFO|train.py:173] 2024-04-05 00:04:20,086 > **************** Best and Average acc of 24 folds by subject in iteration 27*********************
[INFO|train.py:174] 2024-04-05 00:04:20,086 > ** Best ACC : 84.76,    Avearge acc : 84.29,    std : 0.27 **

[INFO|train.py:79] 2024-04-05 00:04:20,086 > =================================== Iteration 28 ======================================
[INFO|train.py:81] 2024-04-05 00:04:20,086 > ******************* TEST fold 3:1 / Fold 1 *********************
[INFO|train.py:87] 2024-04-05 00:04:20,087 > similarity matrix construction start...
[INFO|train.py:97] 2024-04-05 00:04:22,007 > similarity matrix construction Done...
[INFO|train.py:116] 2024-04-05 00:04:23,468 > graph structures are saved to save/figures/structure/
[INFO|train.py:128] 2024-04-05 00:04:24,069 > graph node features are saved to save/figures/feature/
[INFO|train.py:153] 2024-04-05 00:04:53,687 > model id: iteration28-fold1, Epoch : 2826 - Find best epoch
[INFO|train.py:168] 2024-04-05 00:04:53,691 > *** Best ACC : 84.76 ***
[INFO|train.py:81] 2024-04-05 00:04:53,691 > ******************* TEST fold 3:1 / Fold 2 *********************
[INFO|train.py:87] 2024-04-05 00:04:53,692 > similarity matrix construction start...
[INFO|train.py:97] 2024-04-05 00:04:55,504 > similarity matrix construction Done...
[INFO|train.py:116] 2024-04-05 00:04:56,955 > graph structures are saved to save/figures/structure/
[INFO|train.py:128] 2024-04-05 00:04:57,678 > graph node features are saved to save/figures/feature/
[INFO|train.py:153] 2024-04-05 00:05:27,648 > model id: iteration28-fold2, Epoch : 1115 - Find best epoch
[INFO|train.py:168] 2024-04-05 00:05:27,651 > *** Best ACC : 83.81 ***
[INFO|train.py:81] 2024-04-05 00:05:27,652 > ******************* TEST fold 3:1 / Fold 3 *********************
[INFO|train.py:87] 2024-04-05 00:05:27,656 > similarity matrix construction start...
[INFO|train.py:97] 2024-04-05 00:05:29,453 > similarity matrix construction Done...
[INFO|train.py:116] 2024-04-05 00:05:30,907 > graph structures are saved to save/figures/structure/
[INFO|train.py:128] 2024-04-05 00:05:31,508 > graph node features are saved to save/figures/feature/
[INFO|train.py:153] 2024-04-05 00:06:02,044 > model id: iteration28-fold3, Epoch : 847 - Find best epoch
[INFO|train.py:168] 2024-04-05 00:06:02,047 > *** Best ACC : 84.76 ***
[INFO|train.py:81] 2024-04-05 00:06:02,047 > ******************* TEST fold 3:1 / Fold 4 *********************
[INFO|train.py:87] 2024-04-05 00:06:02,048 > similarity matrix construction start...
[INFO|train.py:97] 2024-04-05 00:06:03,851 > similarity matrix construction Done...
[INFO|train.py:116] 2024-04-05 00:06:05,311 > graph structures are saved to save/figures/structure/
[INFO|train.py:128] 2024-04-05 00:06:06,036 > graph node features are saved to save/figures/feature/
[INFO|train.py:153] 2024-04-05 00:06:35,670 > model id: iteration28-fold4, Epoch : 1215 - Find best epoch
[INFO|train.py:168] 2024-04-05 00:06:35,673 > *** Best ACC : 85.08 ***
[INFO|train.py:173] 2024-04-05 00:06:35,673 > **************** Best and Average acc of 24 folds by subject in iteration 28*********************
[INFO|train.py:174] 2024-04-05 00:06:35,673 > ** Best ACC : 85.08,    Avearge acc : 84.6,    std : 0.48 **

[INFO|train.py:79] 2024-04-05 00:06:35,673 > =================================== Iteration 29 ======================================
[INFO|train.py:81] 2024-04-05 00:06:35,673 > ******************* TEST fold 3:1 / Fold 1 *********************
[INFO|train.py:87] 2024-04-05 00:06:35,674 > similarity matrix construction start...
[INFO|train.py:97] 2024-04-05 00:06:37,487 > similarity matrix construction Done...
[INFO|train.py:116] 2024-04-05 00:06:38,944 > graph structures are saved to save/figures/structure/
[INFO|train.py:128] 2024-04-05 00:06:39,544 > graph node features are saved to save/figures/feature/
[INFO|train.py:153] 2024-04-05 00:07:09,206 > model id: iteration29-fold1, Epoch : 1931 - Find best epoch
[INFO|train.py:168] 2024-04-05 00:07:09,209 > *** Best ACC : 83.49 ***
[INFO|train.py:81] 2024-04-05 00:07:09,209 > ******************* TEST fold 3:1 / Fold 2 *********************
[INFO|train.py:87] 2024-04-05 00:07:09,210 > similarity matrix construction start...
[INFO|train.py:97] 2024-04-05 00:07:11,034 > similarity matrix construction Done...
[INFO|train.py:116] 2024-04-05 00:07:12,491 > graph structures are saved to save/figures/structure/
[INFO|train.py:128] 2024-04-05 00:07:13,236 > graph node features are saved to save/figures/feature/
[INFO|train.py:153] 2024-04-05 00:07:43,336 > model id: iteration29-fold2, Epoch : 2430 - Find best epoch
[INFO|train.py:168] 2024-04-05 00:07:43,339 > *** Best ACC : 83.81 ***
[INFO|train.py:81] 2024-04-05 00:07:43,339 > ******************* TEST fold 3:1 / Fold 3 *********************
[INFO|train.py:87] 2024-04-05 00:07:43,340 > similarity matrix construction start...
[INFO|train.py:97] 2024-04-05 00:07:45,185 > similarity matrix construction Done...
[INFO|train.py:116] 2024-04-05 00:07:46,651 > graph structures are saved to save/figures/structure/
[INFO|train.py:128] 2024-04-05 00:07:47,254 > graph node features are saved to save/figures/feature/
[INFO|train.py:153] 2024-04-05 00:08:16,741 > model id: iteration29-fold3, Epoch : 333 - Find best epoch
[INFO|train.py:168] 2024-04-05 00:08:16,744 > *** Best ACC : 83.17 ***
[INFO|train.py:81] 2024-04-05 00:08:16,744 > ******************* TEST fold 3:1 / Fold 4 *********************
[INFO|train.py:87] 2024-04-05 00:08:16,745 > similarity matrix construction start...
[INFO|train.py:97] 2024-04-05 00:08:18,586 > similarity matrix construction Done...
[INFO|train.py:116] 2024-04-05 00:08:20,050 > graph structures are saved to save/figures/structure/
[INFO|train.py:128] 2024-04-05 00:08:20,782 > graph node features are saved to save/figures/feature/
[INFO|train.py:153] 2024-04-05 00:08:49,941 > model id: iteration29-fold4, Epoch : 277 - Find best epoch
[INFO|train.py:168] 2024-04-05 00:08:49,944 > *** Best ACC : 82.86 ***
[INFO|train.py:173] 2024-04-05 00:08:49,944 > **************** Best and Average acc of 24 folds by subject in iteration 29*********************
[INFO|train.py:174] 2024-04-05 00:08:49,944 > ** Best ACC : 83.81,    Avearge acc : 83.33,    std : 0.35 **

[INFO|train.py:79] 2024-04-05 00:08:49,944 > =================================== Iteration 30 ======================================
[INFO|train.py:81] 2024-04-05 00:08:49,944 > ******************* TEST fold 3:1 / Fold 1 *********************
[INFO|train.py:87] 2024-04-05 00:08:49,946 > similarity matrix construction start...
[INFO|train.py:97] 2024-04-05 00:08:51,782 > similarity matrix construction Done...
[INFO|train.py:116] 2024-04-05 00:08:53,248 > graph structures are saved to save/figures/structure/
[INFO|train.py:128] 2024-04-05 00:08:53,851 > graph node features are saved to save/figures/feature/
[INFO|train.py:153] 2024-04-05 00:09:23,954 > model id: iteration30-fold1, Epoch : 2318 - Find best epoch
[INFO|train.py:168] 2024-04-05 00:09:23,957 > *** Best ACC : 82.54 ***
[INFO|train.py:81] 2024-04-05 00:09:23,957 > ******************* TEST fold 3:1 / Fold 2 *********************
[INFO|train.py:87] 2024-04-05 00:09:23,958 > similarity matrix construction start...
[INFO|train.py:97] 2024-04-05 00:09:25,781 > similarity matrix construction Done...
[INFO|train.py:116] 2024-04-05 00:09:27,229 > graph structures are saved to save/figures/structure/
[INFO|train.py:128] 2024-04-05 00:09:27,953 > graph node features are saved to save/figures/feature/
[INFO|train.py:153] 2024-04-05 00:09:58,263 > model id: iteration30-fold2, Epoch : 1477 - Find best epoch
[INFO|train.py:168] 2024-04-05 00:09:58,266 > *** Best ACC : 83.33 ***
[INFO|train.py:81] 2024-04-05 00:09:58,267 > ******************* TEST fold 3:1 / Fold 3 *********************
[INFO|train.py:87] 2024-04-05 00:09:58,268 > similarity matrix construction start...
[INFO|train.py:97] 2024-04-05 00:10:00,085 > similarity matrix construction Done...
[INFO|train.py:116] 2024-04-05 00:10:01,538 > graph structures are saved to save/figures/structure/
[INFO|train.py:128] 2024-04-05 00:10:02,141 > graph node features are saved to save/figures/feature/
[INFO|train.py:153] 2024-04-05 00:10:32,039 > model id: iteration30-fold3, Epoch : 1093 - Find best epoch
[INFO|train.py:168] 2024-04-05 00:10:32,042 > *** Best ACC : 82.8 ***
[INFO|train.py:81] 2024-04-05 00:10:32,042 > ******************* TEST fold 3:1 / Fold 4 *********************
[INFO|train.py:87] 2024-04-05 00:10:32,043 > similarity matrix construction start...
[INFO|train.py:97] 2024-04-05 00:10:33,854 > similarity matrix construction Done...
[INFO|train.py:116] 2024-04-05 00:10:35,310 > graph structures are saved to save/figures/structure/
[INFO|train.py:128] 2024-04-05 00:10:36,038 > graph node features are saved to save/figures/feature/
[INFO|train.py:153] 2024-04-05 00:11:05,684 > model id: iteration30-fold4, Epoch : 1669 - Find best epoch
[INFO|train.py:168] 2024-04-05 00:11:05,687 > *** Best ACC : 82.8 ***
[INFO|train.py:173] 2024-04-05 00:11:05,687 > **************** Best and Average acc of 24 folds by subject in iteration 30*********************
[INFO|train.py:174] 2024-04-05 00:11:05,687 > ** Best ACC : 83.33,    Avearge acc : 82.87,    std : 0.29 **

[INFO|train.py:180] 2024-04-05 00:11:05,687 >  The average accuracy and standard deviation : 84.10515785217285, 1.3641962801852046
